
*********************
[时间]2025-03-12 00:00:36
[标识]分钟触发
[内容]每一分钟触发一次
*********************

*********************
[时间]2025-03-12 00:01:36
[标识]分钟触发
[内容]每一分钟触发一次
*********************

*********************
[时间]2025-03-12 00:02:36
[标识]分钟触发
[内容]每一分钟触发一次
*********************

*********************
[时间]2025-03-12 00:03:36
[标识]分钟触发
[内容]每一分钟触发一次
*********************

*********************
[时间]2025-03-12 00:04:36
[标识]分钟触发
[内容]每一分钟触发一次
*********************

*********************
[时间]2025-03-12 00:05:36
[标识]分钟触发
[内容]每一分钟触发一次
*********************

*********************
[时间]2025-03-12 00:06:36
[标识]分钟触发
[内容]每一分钟触发一次
*********************

*********************
[时间]2025-03-12 00:07:36
[标识]分钟触发
[内容]每一分钟触发一次
*********************

*********************
[时间]2025-03-12 00:08:36
[标识]分钟触发
[内容]每一分钟触发一次
*********************

*********************
[时间]2025-03-12 00:09:36
[标识]分钟触发
[内容]每一分钟触发一次
*********************

*********************
[时间]2025-03-12 00:10:36
[标识]分钟触发
[内容]每一分钟触发一次
*********************

*********************
[时间]2025-03-12 00:11:36
[标识]分钟触发
[内容]每一分钟触发一次
*********************

*********************
[时间]2025-03-12 00:12:36
[标识]分钟触发
[内容]每一分钟触发一次
*********************

*********************
[时间]2025-03-12 00:13:36
[标识]分钟触发
[内容]每一分钟触发一次
*********************

*********************
[时间]2025-03-12 00:14:36
[标识]分钟触发
[内容]每一分钟触发一次
*********************

*********************
[时间]2025-03-12 00:15:36
[标识]分钟触发
[内容]每一分钟触发一次
*********************

*********************
[时间]2025-03-12 00:16:36
[标识]分钟触发
[内容]每一分钟触发一次
*********************

*********************
[时间]2025-03-12 00:17:36
[标识]分钟触发
[内容]每一分钟触发一次
*********************

*********************
[时间]2025-03-12 00:18:36
[标识]分钟触发
[内容]每一分钟触发一次
*********************

*********************
[时间]2025-03-12 00:19:36
[标识]分钟触发
[内容]每一分钟触发一次
*********************

*********************
[时间]2025-03-12 00:20:36
[标识]分钟触发
[内容]每一分钟触发一次
*********************

*********************
[时间]2025-03-12 00:21:36
[标识]分钟触发
[内容]每一分钟触发一次
*********************

*********************
[时间]2025-03-12 00:22:36
[标识]分钟触发
[内容]每一分钟触发一次
*********************

*********************
[时间]2025-03-12 00:23:36
[标识]分钟触发
[内容]每一分钟触发一次
*********************

*********************
[时间]2025-03-12 00:24:36
[标识]分钟触发
[内容]每一分钟触发一次
*********************

*********************
[时间]2025-03-12 00:25:36
[标识]分钟触发
[内容]每一分钟触发一次
*********************

*********************
[时间]2025-03-12 00:26:36
[标识]分钟触发
[内容]每一分钟触发一次
*********************

*********************
[时间]2025-03-12 00:27:36
[标识]分钟触发
[内容]每一分钟触发一次
*********************

*********************
[时间]2025-03-12 00:28:36
[标识]分钟触发
[内容]每一分钟触发一次
*********************

*********************
[时间]2025-03-12 00:29:36
[标识]分钟触发
[内容]每一分钟触发一次
*********************

*********************
[时间]2025-03-12 00:30:36
[标识]分钟触发
[内容]每一分钟触发一次
*********************

*********************
[时间]2025-03-12 00:31:36
[标识]分钟触发
[内容]每一分钟触发一次
*********************

*********************
[时间]2025-03-12 00:32:36
[标识]分钟触发
[内容]每一分钟触发一次
*********************

*********************
[时间]2025-03-12 00:33:36
[标识]分钟触发
[内容]每一分钟触发一次
*********************

*********************
[时间]2025-03-12 00:34:36
[标识]分钟触发
[内容]每一分钟触发一次
*********************

*********************
[时间]2025-03-12 00:35:36
[标识]分钟触发
[内容]每一分钟触发一次
*********************

*********************
[时间]2025-03-12 00:36:36
[标识]分钟触发
[内容]每一分钟触发一次
*********************

*********************
[时间]2025-03-12 00:37:36
[标识]分钟触发
[内容]每一分钟触发一次
*********************

*********************
[时间]2025-03-12 00:38:36
[标识]分钟触发
[内容]每一分钟触发一次
*********************

*********************
[时间]2025-03-12 00:39:37
[标识]分钟触发
[内容]每一分钟触发一次
*********************

*********************
[时间]2025-03-12 00:40:37
[标识]分钟触发
[内容]每一分钟触发一次
*********************

*********************
[时间]2025-03-12 00:41:37
[标识]分钟触发
[内容]每一分钟触发一次
*********************

*********************
[时间]2025-03-12 00:42:37
[标识]分钟触发
[内容]每一分钟触发一次
*********************

*********************
[时间]2025-03-12 00:43:37
[标识]分钟触发
[内容]每一分钟触发一次
*********************

*********************
[时间]2025-03-12 00:44:37
[标识]分钟触发
[内容]每一分钟触发一次
*********************

*********************
[时间]2025-03-12 00:45:37
[标识]分钟触发
[内容]每一分钟触发一次
*********************

*********************
[时间]2025-03-12 00:46:37
[标识]分钟触发
[内容]每一分钟触发一次
*********************

*********************
[时间]2025-03-12 00:47:37
[标识]分钟触发
[内容]每一分钟触发一次
*********************

*********************
[时间]2025-03-12 00:48:37
[标识]分钟触发
[内容]每一分钟触发一次
*********************

*********************
[时间]2025-03-12 00:49:37
[标识]分钟触发
[内容]每一分钟触发一次
*********************

*********************
[时间]2025-03-12 00:50:37
[标识]分钟触发
[内容]每一分钟触发一次
*********************

*********************
[时间]2025-03-12 00:51:37
[标识]分钟触发
[内容]每一分钟触发一次
*********************

*********************
[时间]2025-03-12 00:52:37
[标识]分钟触发
[内容]每一分钟触发一次
*********************

*********************
[时间]2025-03-12 00:53:37
[标识]分钟触发
[内容]每一分钟触发一次
*********************

*********************
[时间]2025-03-12 00:54:37
[标识]分钟触发
[内容]每一分钟触发一次
*********************

*********************
[时间]2025-03-12 00:55:37
[标识]分钟触发
[内容]每一分钟触发一次
*********************

*********************
[时间]2025-03-12 00:56:37
[标识]分钟触发
[内容]每一分钟触发一次
*********************

*********************
[时间]2025-03-12 00:57:37
[标识]分钟触发
[内容]每一分钟触发一次
*********************

*********************
[时间]2025-03-12 00:58:37
[标识]分钟触发
[内容]每一分钟触发一次
*********************

*********************
[时间]2025-03-12 00:59:37
[标识]分钟触发
[内容]每一分钟触发一次
*********************

*********************
[时间]2025-03-12 01:00:37
[标识]分钟触发
[内容]每一分钟触发一次
*********************

*********************
[时间]2025-03-12 01:01:37
[标识]分钟触发
[内容]每一分钟触发一次
*********************

*********************
[时间]2025-03-12 01:02:37
[标识]分钟触发
[内容]每一分钟触发一次
*********************

*********************
[时间]2025-03-12 01:03:37
[标识]分钟触发
[内容]每一分钟触发一次
*********************

*********************
[时间]2025-03-12 01:04:37
[标识]分钟触发
[内容]每一分钟触发一次
*********************

*********************
[时间]2025-03-12 01:05:37
[标识]分钟触发
[内容]每一分钟触发一次
*********************

*********************
[时间]2025-03-12 01:06:37
[标识]分钟触发
[内容]每一分钟触发一次
*********************

*********************
[时间]2025-03-12 01:07:37
[标识]分钟触发
[内容]每一分钟触发一次
*********************

*********************
[时间]2025-03-12 01:08:37
[标识]分钟触发
[内容]每一分钟触发一次
*********************

*********************
[时间]2025-03-12 01:09:37
[标识]分钟触发
[内容]每一分钟触发一次
*********************

*********************
[时间]2025-03-12 01:10:37
[标识]分钟触发
[内容]每一分钟触发一次
*********************

*********************
[时间]2025-03-12 01:11:37
[标识]分钟触发
[内容]每一分钟触发一次
*********************

*********************
[时间]2025-03-12 01:12:37
[标识]分钟触发
[内容]每一分钟触发一次
*********************

*********************
[时间]2025-03-12 01:13:37
[标识]分钟触发
[内容]每一分钟触发一次
*********************

*********************
[时间]2025-03-12 01:14:37
[标识]分钟触发
[内容]每一分钟触发一次
*********************

*********************
[时间]2025-03-12 01:15:37
[标识]分钟触发
[内容]每一分钟触发一次
*********************

*********************
[时间]2025-03-12 01:16:37
[标识]分钟触发
[内容]每一分钟触发一次
*********************

*********************
[时间]2025-03-12 01:17:37
[标识]分钟触发
[内容]每一分钟触发一次
*********************

*********************
[时间]2025-03-12 01:18:37
[标识]分钟触发
[内容]每一分钟触发一次
*********************

*********************
[时间]2025-03-12 01:19:37
[标识]分钟触发
[内容]每一分钟触发一次
*********************

*********************
[时间]2025-03-12 01:20:37
[标识]分钟触发
[内容]每一分钟触发一次
*********************

*********************
[时间]2025-03-12 01:21:37
[标识]分钟触发
[内容]每一分钟触发一次
*********************

*********************
[时间]2025-03-12 01:22:37
[标识]分钟触发
[内容]每一分钟触发一次
*********************

*********************
[时间]2025-03-12 01:23:37
[标识]分钟触发
[内容]每一分钟触发一次
*********************

*********************
[时间]2025-03-12 01:24:37
[标识]分钟触发
[内容]每一分钟触发一次
*********************

*********************
[时间]2025-03-12 01:25:37
[标识]分钟触发
[内容]每一分钟触发一次
*********************

*********************
[时间]2025-03-12 01:26:37
[标识]分钟触发
[内容]每一分钟触发一次
*********************

*********************
[时间]2025-03-12 01:27:37
[标识]分钟触发
[内容]每一分钟触发一次
*********************

*********************
[时间]2025-03-12 01:28:37
[标识]分钟触发
[内容]每一分钟触发一次
*********************

*********************
[时间]2025-03-12 01:29:37
[标识]分钟触发
[内容]每一分钟触发一次
*********************

*********************
[时间]2025-03-12 01:30:37
[标识]分钟触发
[内容]每一分钟触发一次
*********************

*********************
[时间]2025-03-12 01:31:37
[标识]分钟触发
[内容]每一分钟触发一次
*********************

*********************
[时间]2025-03-12 01:32:37
[标识]分钟触发
[内容]每一分钟触发一次
*********************

*********************
[时间]2025-03-12 01:33:37
[标识]分钟触发
[内容]每一分钟触发一次
*********************

*********************
[时间]2025-03-12 01:34:37
[标识]分钟触发
[内容]每一分钟触发一次
*********************

*********************
[时间]2025-03-12 01:35:37
[标识]分钟触发
[内容]每一分钟触发一次
*********************

*********************
[时间]2025-03-12 01:36:37
[标识]分钟触发
[内容]每一分钟触发一次
*********************

*********************
[时间]2025-03-12 01:37:37
[标识]分钟触发
[内容]每一分钟触发一次
*********************

*********************
[时间]2025-03-12 01:38:37
[标识]分钟触发
[内容]每一分钟触发一次
*********************

*********************
[时间]2025-03-12 01:39:37
[标识]分钟触发
[内容]每一分钟触发一次
*********************

*********************
[时间]2025-03-12 01:40:37
[标识]分钟触发
[内容]每一分钟触发一次
*********************

*********************
[时间]2025-03-12 01:41:37
[标识]分钟触发
[内容]每一分钟触发一次
*********************

*********************
[时间]2025-03-12 01:42:37
[标识]分钟触发
[内容]每一分钟触发一次
*********************

*********************
[时间]2025-03-12 01:43:37
[标识]分钟触发
[内容]每一分钟触发一次
*********************

*********************
[时间]2025-03-12 01:44:37
[标识]分钟触发
[内容]每一分钟触发一次
*********************

*********************
[时间]2025-03-12 01:45:37
[标识]分钟触发
[内容]每一分钟触发一次
*********************

*********************
[时间]2025-03-12 01:46:37
[标识]分钟触发
[内容]每一分钟触发一次
*********************

*********************
[时间]2025-03-12 01:47:37
[标识]分钟触发
[内容]每一分钟触发一次
*********************

*********************
[时间]2025-03-12 01:48:37
[标识]分钟触发
[内容]每一分钟触发一次
*********************

*********************
[时间]2025-03-12 01:49:37
[标识]分钟触发
[内容]每一分钟触发一次
*********************

*********************
[时间]2025-03-12 01:50:37
[标识]分钟触发
[内容]每一分钟触发一次
*********************

*********************
[时间]2025-03-12 01:51:37
[标识]分钟触发
[内容]每一分钟触发一次
*********************

*********************
[时间]2025-03-12 01:52:37
[标识]分钟触发
[内容]每一分钟触发一次
*********************

*********************
[时间]2025-03-12 01:53:37
[标识]分钟触发
[内容]每一分钟触发一次
*********************

*********************
[时间]2025-03-12 01:54:37
[标识]分钟触发
[内容]每一分钟触发一次
*********************

*********************
[时间]2025-03-12 01:55:37
[标识]分钟触发
[内容]每一分钟触发一次
*********************

*********************
[时间]2025-03-12 01:56:37
[标识]分钟触发
[内容]每一分钟触发一次
*********************

*********************
[时间]2025-03-12 01:57:37
[标识]分钟触发
[内容]每一分钟触发一次
*********************

*********************
[时间]2025-03-12 01:58:37
[标识]分钟触发
[内容]每一分钟触发一次
*********************

*********************
[时间]2025-03-12 01:59:37
[标识]分钟触发
[内容]每一分钟触发一次
*********************

*********************
[时间]2025-03-12 02:00:37
[标识]分钟触发
[内容]每一分钟触发一次
*********************

*********************
[时间]2025-03-12 02:01:37
[标识]分钟触发
[内容]每一分钟触发一次
*********************

*********************
[时间]2025-03-12 02:02:37
[标识]分钟触发
[内容]每一分钟触发一次
*********************

*********************
[时间]2025-03-12 02:03:37
[标识]分钟触发
[内容]每一分钟触发一次
*********************

*********************
[时间]2025-03-12 02:04:37
[标识]分钟触发
[内容]每一分钟触发一次
*********************

*********************
[时间]2025-03-12 02:05:37
[标识]分钟触发
[内容]每一分钟触发一次
*********************

*********************
[时间]2025-03-12 02:06:37
[标识]分钟触发
[内容]每一分钟触发一次
*********************

*********************
[时间]2025-03-12 02:07:37
[标识]分钟触发
[内容]每一分钟触发一次
*********************

*********************
[时间]2025-03-12 02:08:37
[标识]分钟触发
[内容]每一分钟触发一次
*********************

*********************
[时间]2025-03-12 02:09:37
[标识]分钟触发
[内容]每一分钟触发一次
*********************

*********************
[时间]2025-03-12 02:10:37
[标识]分钟触发
[内容]每一分钟触发一次
*********************

*********************
[时间]2025-03-12 02:11:37
[标识]分钟触发
[内容]每一分钟触发一次
*********************

*********************
[时间]2025-03-12 02:12:37
[标识]分钟触发
[内容]每一分钟触发一次
*********************

*********************
[时间]2025-03-12 02:13:37
[标识]分钟触发
[内容]每一分钟触发一次
*********************

*********************
[时间]2025-03-12 02:14:37
[标识]分钟触发
[内容]每一分钟触发一次
*********************

*********************
[时间]2025-03-12 02:15:37
[标识]分钟触发
[内容]每一分钟触发一次
*********************

*********************
[时间]2025-03-12 02:16:37
[标识]分钟触发
[内容]每一分钟触发一次
*********************

*********************
[时间]2025-03-12 02:17:37
[标识]分钟触发
[内容]每一分钟触发一次
*********************

*********************
[时间]2025-03-12 02:18:37
[标识]分钟触发
[内容]每一分钟触发一次
*********************

*********************
[时间]2025-03-12 02:19:37
[标识]分钟触发
[内容]每一分钟触发一次
*********************

*********************
[时间]2025-03-12 02:20:37
[标识]分钟触发
[内容]每一分钟触发一次
*********************

*********************
[时间]2025-03-12 02:21:37
[标识]分钟触发
[内容]每一分钟触发一次
*********************

*********************
[时间]2025-03-12 02:22:37
[标识]分钟触发
[内容]每一分钟触发一次
*********************

*********************
[时间]2025-03-12 02:23:37
[标识]分钟触发
[内容]每一分钟触发一次
*********************

*********************
[时间]2025-03-12 02:24:37
[标识]分钟触发
[内容]每一分钟触发一次
*********************

*********************
[时间]2025-03-12 02:25:37
[标识]分钟触发
[内容]每一分钟触发一次
*********************

*********************
[时间]2025-03-12 02:26:37
[标识]分钟触发
[内容]每一分钟触发一次
*********************

*********************
[时间]2025-03-12 02:27:37
[标识]分钟触发
[内容]每一分钟触发一次
*********************

*********************
[时间]2025-03-12 02:28:37
[标识]分钟触发
[内容]每一分钟触发一次
*********************

*********************
[时间]2025-03-12 02:29:37
[标识]分钟触发
[内容]每一分钟触发一次
*********************

*********************
[时间]2025-03-12 02:30:37
[标识]分钟触发
[内容]每一分钟触发一次
*********************

*********************
[时间]2025-03-12 02:31:37
[标识]分钟触发
[内容]每一分钟触发一次
*********************

*********************
[时间]2025-03-12 02:32:37
[标识]分钟触发
[内容]每一分钟触发一次
*********************

*********************
[时间]2025-03-12 02:33:37
[标识]分钟触发
[内容]每一分钟触发一次
*********************

*********************
[时间]2025-03-12 02:34:37
[标识]分钟触发
[内容]每一分钟触发一次
*********************

*********************
[时间]2025-03-12 02:35:37
[标识]分钟触发
[内容]每一分钟触发一次
*********************

*********************
[时间]2025-03-12 02:36:37
[标识]分钟触发
[内容]每一分钟触发一次
*********************

*********************
[时间]2025-03-12 02:37:37
[标识]分钟触发
[内容]每一分钟触发一次
*********************

*********************
[时间]2025-03-12 02:38:37
[标识]分钟触发
[内容]每一分钟触发一次
*********************

*********************
[时间]2025-03-12 02:39:37
[标识]分钟触发
[内容]每一分钟触发一次
*********************

*********************
[时间]2025-03-12 02:40:37
[标识]分钟触发
[内容]每一分钟触发一次
*********************

*********************
[时间]2025-03-12 02:41:37
[标识]分钟触发
[内容]每一分钟触发一次
*********************

*********************
[时间]2025-03-12 02:42:37
[标识]分钟触发
[内容]每一分钟触发一次
*********************

*********************
[时间]2025-03-12 02:43:37
[标识]分钟触发
[内容]每一分钟触发一次
*********************

*********************
[时间]2025-03-12 02:44:37
[标识]分钟触发
[内容]每一分钟触发一次
*********************

*********************
[时间]2025-03-12 02:45:37
[标识]分钟触发
[内容]每一分钟触发一次
*********************

*********************
[时间]2025-03-12 02:46:37
[标识]分钟触发
[内容]每一分钟触发一次
*********************

*********************
[时间]2025-03-12 02:47:37
[标识]分钟触发
[内容]每一分钟触发一次
*********************

*********************
[时间]2025-03-12 02:48:37
[标识]分钟触发
[内容]每一分钟触发一次
*********************

*********************
[时间]2025-03-12 02:49:37
[标识]分钟触发
[内容]每一分钟触发一次
*********************

*********************
[时间]2025-03-12 02:50:37
[标识]分钟触发
[内容]每一分钟触发一次
*********************

*********************
[时间]2025-03-12 02:51:37
[标识]分钟触发
[内容]每一分钟触发一次
*********************

*********************
[时间]2025-03-12 02:52:37
[标识]分钟触发
[内容]每一分钟触发一次
*********************

*********************
[时间]2025-03-12 02:53:37
[标识]分钟触发
[内容]每一分钟触发一次
*********************

*********************
[时间]2025-03-12 02:54:37
[标识]分钟触发
[内容]每一分钟触发一次
*********************

*********************
[时间]2025-03-12 02:55:37
[标识]分钟触发
[内容]每一分钟触发一次
*********************

*********************
[时间]2025-03-12 02:56:37
[标识]分钟触发
[内容]每一分钟触发一次
*********************

*********************
[时间]2025-03-12 02:57:37
[标识]分钟触发
[内容]每一分钟触发一次
*********************

*********************
[时间]2025-03-12 02:58:37
[标识]分钟触发
[内容]每一分钟触发一次
*********************

*********************
[时间]2025-03-12 02:59:38
[标识]分钟触发
[内容]每一分钟触发一次
*********************

*********************
[时间]2025-03-12 03:00:38
[标识]分钟触发
[内容]每一分钟触发一次
*********************

*********************
[时间]2025-03-12 03:01:38
[标识]分钟触发
[内容]每一分钟触发一次
*********************

*********************
[时间]2025-03-12 03:02:38
[标识]分钟触发
[内容]每一分钟触发一次
*********************

*********************
[时间]2025-03-12 03:03:38
[标识]分钟触发
[内容]每一分钟触发一次
*********************

*********************
[时间]2025-03-12 03:04:38
[标识]分钟触发
[内容]每一分钟触发一次
*********************

*********************
[时间]2025-03-12 03:05:38
[标识]分钟触发
[内容]每一分钟触发一次
*********************

*********************
[时间]2025-03-12 03:06:38
[标识]分钟触发
[内容]每一分钟触发一次
*********************

*********************
[时间]2025-03-12 03:07:38
[标识]分钟触发
[内容]每一分钟触发一次
*********************

*********************
[时间]2025-03-12 03:08:38
[标识]分钟触发
[内容]每一分钟触发一次
*********************

*********************
[时间]2025-03-12 03:09:38
[标识]分钟触发
[内容]每一分钟触发一次
*********************

*********************
[时间]2025-03-12 03:10:38
[标识]分钟触发
[内容]每一分钟触发一次
*********************

*********************
[时间]2025-03-12 03:11:38
[标识]分钟触发
[内容]每一分钟触发一次
*********************

*********************
[时间]2025-03-12 03:12:38
[标识]分钟触发
[内容]每一分钟触发一次
*********************

*********************
[时间]2025-03-12 03:13:38
[标识]分钟触发
[内容]每一分钟触发一次
*********************

*********************
[时间]2025-03-12 03:14:38
[标识]分钟触发
[内容]每一分钟触发一次
*********************

*********************
[时间]2025-03-12 03:15:38
[标识]分钟触发
[内容]每一分钟触发一次
*********************

*********************
[时间]2025-03-12 03:16:38
[标识]分钟触发
[内容]每一分钟触发一次
*********************

*********************
[时间]2025-03-12 03:17:38
[标识]分钟触发
[内容]每一分钟触发一次
*********************

*********************
[时间]2025-03-12 03:18:38
[标识]分钟触发
[内容]每一分钟触发一次
*********************

*********************
[时间]2025-03-12 03:19:38
[标识]分钟触发
[内容]每一分钟触发一次
*********************

*********************
[时间]2025-03-12 03:20:38
[标识]分钟触发
[内容]每一分钟触发一次
*********************

*********************
[时间]2025-03-12 03:21:38
[标识]分钟触发
[内容]每一分钟触发一次
*********************

*********************
[时间]2025-03-12 03:22:38
[标识]分钟触发
[内容]每一分钟触发一次
*********************

*********************
[时间]2025-03-12 03:23:38
[标识]分钟触发
[内容]每一分钟触发一次
*********************

*********************
[时间]2025-03-12 03:24:38
[标识]分钟触发
[内容]每一分钟触发一次
*********************

*********************
[时间]2025-03-12 03:25:38
[标识]分钟触发
[内容]每一分钟触发一次
*********************

*********************
[时间]2025-03-12 03:26:38
[标识]分钟触发
[内容]每一分钟触发一次
*********************

*********************
[时间]2025-03-12 03:27:38
[标识]分钟触发
[内容]每一分钟触发一次
*********************

*********************
[时间]2025-03-12 03:28:38
[标识]分钟触发
[内容]每一分钟触发一次
*********************

*********************
[时间]2025-03-12 03:29:38
[标识]分钟触发
[内容]每一分钟触发一次
*********************

*********************
[时间]2025-03-12 03:30:38
[标识]分钟触发
[内容]每一分钟触发一次
*********************

*********************
[时间]2025-03-12 03:31:38
[标识]分钟触发
[内容]每一分钟触发一次
*********************

*********************
[时间]2025-03-12 03:32:38
[标识]分钟触发
[内容]每一分钟触发一次
*********************

*********************
[时间]2025-03-12 03:33:38
[标识]分钟触发
[内容]每一分钟触发一次
*********************

*********************
[时间]2025-03-12 03:34:38
[标识]分钟触发
[内容]每一分钟触发一次
*********************

*********************
[时间]2025-03-12 03:35:38
[标识]分钟触发
[内容]每一分钟触发一次
*********************

*********************
[时间]2025-03-12 03:36:38
[标识]分钟触发
[内容]每一分钟触发一次
*********************

*********************
[时间]2025-03-12 03:37:38
[标识]分钟触发
[内容]每一分钟触发一次
*********************

*********************
[时间]2025-03-12 03:38:38
[标识]分钟触发
[内容]每一分钟触发一次
*********************

*********************
[时间]2025-03-12 03:39:38
[标识]分钟触发
[内容]每一分钟触发一次
*********************

*********************
[时间]2025-03-12 03:40:38
[标识]分钟触发
[内容]每一分钟触发一次
*********************

*********************
[时间]2025-03-12 03:41:38
[标识]分钟触发
[内容]每一分钟触发一次
*********************

*********************
[时间]2025-03-12 03:42:38
[标识]分钟触发
[内容]每一分钟触发一次
*********************

*********************
[时间]2025-03-12 03:43:38
[标识]分钟触发
[内容]每一分钟触发一次
*********************

*********************
[时间]2025-03-12 03:44:38
[标识]分钟触发
[内容]每一分钟触发一次
*********************

*********************
[时间]2025-03-12 03:45:38
[标识]分钟触发
[内容]每一分钟触发一次
*********************

*********************
[时间]2025-03-12 03:46:38
[标识]分钟触发
[内容]每一分钟触发一次
*********************

*********************
[时间]2025-03-12 03:47:38
[标识]分钟触发
[内容]每一分钟触发一次
*********************

*********************
[时间]2025-03-12 03:48:38
[标识]分钟触发
[内容]每一分钟触发一次
*********************

*********************
[时间]2025-03-12 03:49:38
[标识]分钟触发
[内容]每一分钟触发一次
*********************

*********************
[时间]2025-03-12 03:50:38
[标识]分钟触发
[内容]每一分钟触发一次
*********************

*********************
[时间]2025-03-12 03:51:38
[标识]分钟触发
[内容]每一分钟触发一次
*********************

*********************
[时间]2025-03-12 03:52:38
[标识]分钟触发
[内容]每一分钟触发一次
*********************

*********************
[时间]2025-03-12 03:53:38
[标识]分钟触发
[内容]每一分钟触发一次
*********************

*********************
[时间]2025-03-12 03:54:38
[标识]分钟触发
[内容]每一分钟触发一次
*********************

*********************
[时间]2025-03-12 03:55:38
[标识]分钟触发
[内容]每一分钟触发一次
*********************

*********************
[时间]2025-03-12 03:56:38
[标识]分钟触发
[内容]每一分钟触发一次
*********************

*********************
[时间]2025-03-12 03:57:38
[标识]分钟触发
[内容]每一分钟触发一次
*********************

*********************
[时间]2025-03-12 03:58:38
[标识]分钟触发
[内容]每一分钟触发一次
*********************

*********************
[时间]2025-03-12 03:59:38
[标识]分钟触发
[内容]每一分钟触发一次
*********************

*********************
[时间]2025-03-12 04:00:38
[标识]分钟触发
[内容]每一分钟触发一次
*********************

*********************
[时间]2025-03-12 04:01:38
[标识]分钟触发
[内容]每一分钟触发一次
*********************

*********************
[时间]2025-03-12 04:02:38
[标识]分钟触发
[内容]每一分钟触发一次
*********************

*********************
[时间]2025-03-12 04:03:38
[标识]分钟触发
[内容]每一分钟触发一次
*********************

*********************
[时间]2025-03-12 04:04:38
[标识]分钟触发
[内容]每一分钟触发一次
*********************

*********************
[时间]2025-03-12 04:05:38
[标识]分钟触发
[内容]每一分钟触发一次
*********************

*********************
[时间]2025-03-12 04:06:38
[标识]分钟触发
[内容]每一分钟触发一次
*********************

*********************
[时间]2025-03-12 04:07:38
[标识]分钟触发
[内容]每一分钟触发一次
*********************

*********************
[时间]2025-03-12 04:08:38
[标识]分钟触发
[内容]每一分钟触发一次
*********************

*********************
[时间]2025-03-12 04:09:38
[标识]分钟触发
[内容]每一分钟触发一次
*********************

*********************
[时间]2025-03-12 04:10:38
[标识]分钟触发
[内容]每一分钟触发一次
*********************

*********************
[时间]2025-03-12 04:11:38
[标识]分钟触发
[内容]每一分钟触发一次
*********************

*********************
[时间]2025-03-12 04:12:38
[标识]分钟触发
[内容]每一分钟触发一次
*********************

*********************
[时间]2025-03-12 04:13:38
[标识]分钟触发
[内容]每一分钟触发一次
*********************

*********************
[时间]2025-03-12 04:14:38
[标识]分钟触发
[内容]每一分钟触发一次
*********************

*********************
[时间]2025-03-12 04:15:38
[标识]分钟触发
[内容]每一分钟触发一次
*********************

*********************
[时间]2025-03-12 04:16:38
[标识]分钟触发
[内容]每一分钟触发一次
*********************

*********************
[时间]2025-03-12 04:17:38
[标识]分钟触发
[内容]每一分钟触发一次
*********************

*********************
[时间]2025-03-12 04:18:38
[标识]分钟触发
[内容]每一分钟触发一次
*********************

*********************
[时间]2025-03-12 04:19:38
[标识]分钟触发
[内容]每一分钟触发一次
*********************

*********************
[时间]2025-03-12 04:20:38
[标识]分钟触发
[内容]每一分钟触发一次
*********************

*********************
[时间]2025-03-12 04:21:38
[标识]分钟触发
[内容]每一分钟触发一次
*********************

*********************
[时间]2025-03-12 04:22:38
[标识]分钟触发
[内容]每一分钟触发一次
*********************

*********************
[时间]2025-03-12 04:23:38
[标识]分钟触发
[内容]每一分钟触发一次
*********************

*********************
[时间]2025-03-12 04:24:38
[标识]分钟触发
[内容]每一分钟触发一次
*********************

*********************
[时间]2025-03-12 04:25:38
[标识]分钟触发
[内容]每一分钟触发一次
*********************

*********************
[时间]2025-03-12 04:26:38
[标识]分钟触发
[内容]每一分钟触发一次
*********************

*********************
[时间]2025-03-12 04:27:38
[标识]分钟触发
[内容]每一分钟触发一次
*********************

*********************
[时间]2025-03-12 04:28:38
[标识]分钟触发
[内容]每一分钟触发一次
*********************

*********************
[时间]2025-03-12 04:29:38
[标识]分钟触发
[内容]每一分钟触发一次
*********************

*********************
[时间]2025-03-12 04:30:38
[标识]分钟触发
[内容]每一分钟触发一次
*********************

*********************
[时间]2025-03-12 04:31:38
[标识]分钟触发
[内容]每一分钟触发一次
*********************

*********************
[时间]2025-03-12 04:32:38
[标识]分钟触发
[内容]每一分钟触发一次
*********************

*********************
[时间]2025-03-12 04:33:38
[标识]分钟触发
[内容]每一分钟触发一次
*********************

*********************
[时间]2025-03-12 04:34:38
[标识]分钟触发
[内容]每一分钟触发一次
*********************

*********************
[时间]2025-03-12 04:35:38
[标识]分钟触发
[内容]每一分钟触发一次
*********************

*********************
[时间]2025-03-12 04:36:38
[标识]分钟触发
[内容]每一分钟触发一次
*********************

*********************
[时间]2025-03-12 04:37:38
[标识]分钟触发
[内容]每一分钟触发一次
*********************

*********************
[时间]2025-03-12 04:38:38
[标识]分钟触发
[内容]每一分钟触发一次
*********************

*********************
[时间]2025-03-12 04:39:38
[标识]分钟触发
[内容]每一分钟触发一次
*********************

*********************
[时间]2025-03-12 04:40:38
[标识]分钟触发
[内容]每一分钟触发一次
*********************

*********************
[时间]2025-03-12 04:41:38
[标识]分钟触发
[内容]每一分钟触发一次
*********************

*********************
[时间]2025-03-12 04:42:38
[标识]分钟触发
[内容]每一分钟触发一次
*********************

*********************
[时间]2025-03-12 04:43:38
[标识]分钟触发
[内容]每一分钟触发一次
*********************

*********************
[时间]2025-03-12 04:44:38
[标识]分钟触发
[内容]每一分钟触发一次
*********************

*********************
[时间]2025-03-12 04:45:38
[标识]分钟触发
[内容]每一分钟触发一次
*********************

*********************
[时间]2025-03-12 04:46:38
[标识]分钟触发
[内容]每一分钟触发一次
*********************

*********************
[时间]2025-03-12 04:47:38
[标识]分钟触发
[内容]每一分钟触发一次
*********************

*********************
[时间]2025-03-12 04:48:38
[标识]分钟触发
[内容]每一分钟触发一次
*********************

*********************
[时间]2025-03-12 04:49:38
[标识]分钟触发
[内容]每一分钟触发一次
*********************

*********************
[时间]2025-03-12 04:50:38
[标识]分钟触发
[内容]每一分钟触发一次
*********************

*********************
[时间]2025-03-12 04:51:38
[标识]分钟触发
[内容]每一分钟触发一次
*********************

*********************
[时间]2025-03-12 04:52:38
[标识]分钟触发
[内容]每一分钟触发一次
*********************

*********************
[时间]2025-03-12 04:53:38
[标识]分钟触发
[内容]每一分钟触发一次
*********************

*********************
[时间]2025-03-12 04:54:38
[标识]分钟触发
[内容]每一分钟触发一次
*********************

*********************
[时间]2025-03-12 04:55:38
[标识]分钟触发
[内容]每一分钟触发一次
*********************

*********************
[时间]2025-03-12 04:56:38
[标识]分钟触发
[内容]每一分钟触发一次
*********************

*********************
[时间]2025-03-12 04:57:38
[标识]分钟触发
[内容]每一分钟触发一次
*********************

*********************
[时间]2025-03-12 04:58:38
[标识]分钟触发
[内容]每一分钟触发一次
*********************

*********************
[时间]2025-03-12 04:59:38
[标识]分钟触发
[内容]每一分钟触发一次
*********************

*********************
[时间]2025-03-12 05:00:38
[标识]分钟触发
[内容]每一分钟触发一次
*********************

*********************
[时间]2025-03-12 05:01:38
[标识]分钟触发
[内容]每一分钟触发一次
*********************

*********************
[时间]2025-03-12 05:02:38
[标识]分钟触发
[内容]每一分钟触发一次
*********************

*********************
[时间]2025-03-12 05:03:38
[标识]分钟触发
[内容]每一分钟触发一次
*********************

*********************
[时间]2025-03-12 05:04:38
[标识]分钟触发
[内容]每一分钟触发一次
*********************

*********************
[时间]2025-03-12 05:05:38
[标识]分钟触发
[内容]每一分钟触发一次
*********************

*********************
[时间]2025-03-12 05:06:38
[标识]分钟触发
[内容]每一分钟触发一次
*********************

*********************
[时间]2025-03-12 05:07:38
[标识]分钟触发
[内容]每一分钟触发一次
*********************

*********************
[时间]2025-03-12 05:08:39
[标识]分钟触发
[内容]每一分钟触发一次
*********************

*********************
[时间]2025-03-12 05:09:39
[标识]分钟触发
[内容]每一分钟触发一次
*********************

*********************
[时间]2025-03-12 05:10:39
[标识]分钟触发
[内容]每一分钟触发一次
*********************

*********************
[时间]2025-03-12 05:11:39
[标识]分钟触发
[内容]每一分钟触发一次
*********************

*********************
[时间]2025-03-12 05:12:39
[标识]分钟触发
[内容]每一分钟触发一次
*********************

*********************
[时间]2025-03-12 05:13:39
[标识]分钟触发
[内容]每一分钟触发一次
*********************

*********************
[时间]2025-03-12 05:14:39
[标识]分钟触发
[内容]每一分钟触发一次
*********************

*********************
[时间]2025-03-12 05:15:39
[标识]分钟触发
[内容]每一分钟触发一次
*********************

*********************
[时间]2025-03-12 05:16:39
[标识]分钟触发
[内容]每一分钟触发一次
*********************

*********************
[时间]2025-03-12 05:17:39
[标识]分钟触发
[内容]每一分钟触发一次
*********************

*********************
[时间]2025-03-12 05:18:39
[标识]分钟触发
[内容]每一分钟触发一次
*********************

*********************
[时间]2025-03-12 05:19:39
[标识]分钟触发
[内容]每一分钟触发一次
*********************

*********************
[时间]2025-03-12 05:20:39
[标识]分钟触发
[内容]每一分钟触发一次
*********************

*********************
[时间]2025-03-12 05:21:39
[标识]分钟触发
[内容]每一分钟触发一次
*********************

*********************
[时间]2025-03-12 05:22:39
[标识]分钟触发
[内容]每一分钟触发一次
*********************

*********************
[时间]2025-03-12 05:23:39
[标识]分钟触发
[内容]每一分钟触发一次
*********************

*********************
[时间]2025-03-12 05:24:39
[标识]分钟触发
[内容]每一分钟触发一次
*********************

*********************
[时间]2025-03-12 05:25:39
[标识]分钟触发
[内容]每一分钟触发一次
*********************

*********************
[时间]2025-03-12 05:26:39
[标识]分钟触发
[内容]每一分钟触发一次
*********************

*********************
[时间]2025-03-12 05:27:39
[标识]分钟触发
[内容]每一分钟触发一次
*********************

*********************
[时间]2025-03-12 05:28:39
[标识]分钟触发
[内容]每一分钟触发一次
*********************

*********************
[时间]2025-03-12 05:29:39
[标识]分钟触发
[内容]每一分钟触发一次
*********************

*********************
[时间]2025-03-12 05:30:39
[标识]分钟触发
[内容]每一分钟触发一次
*********************

*********************
[时间]2025-03-12 05:31:39
[标识]分钟触发
[内容]每一分钟触发一次
*********************

*********************
[时间]2025-03-12 05:32:39
[标识]分钟触发
[内容]每一分钟触发一次
*********************

*********************
[时间]2025-03-12 05:33:39
[标识]分钟触发
[内容]每一分钟触发一次
*********************

*********************
[时间]2025-03-12 05:34:39
[标识]分钟触发
[内容]每一分钟触发一次
*********************

*********************
[时间]2025-03-12 05:35:39
[标识]分钟触发
[内容]每一分钟触发一次
*********************

*********************
[时间]2025-03-12 05:36:39
[标识]分钟触发
[内容]每一分钟触发一次
*********************

*********************
[时间]2025-03-12 05:37:39
[标识]分钟触发
[内容]每一分钟触发一次
*********************

*********************
[时间]2025-03-12 05:38:39
[标识]分钟触发
[内容]每一分钟触发一次
*********************

*********************
[时间]2025-03-12 05:39:39
[标识]分钟触发
[内容]每一分钟触发一次
*********************

*********************
[时间]2025-03-12 05:40:39
[标识]分钟触发
[内容]每一分钟触发一次
*********************

*********************
[时间]2025-03-12 05:41:39
[标识]分钟触发
[内容]每一分钟触发一次
*********************

*********************
[时间]2025-03-12 05:42:39
[标识]分钟触发
[内容]每一分钟触发一次
*********************

*********************
[时间]2025-03-12 05:43:39
[标识]分钟触发
[内容]每一分钟触发一次
*********************

*********************
[时间]2025-03-12 05:44:39
[标识]分钟触发
[内容]每一分钟触发一次
*********************

*********************
[时间]2025-03-12 05:45:39
[标识]分钟触发
[内容]每一分钟触发一次
*********************

*********************
[时间]2025-03-12 05:46:39
[标识]分钟触发
[内容]每一分钟触发一次
*********************

*********************
[时间]2025-03-12 05:47:39
[标识]分钟触发
[内容]每一分钟触发一次
*********************

*********************
[时间]2025-03-12 05:48:39
[标识]分钟触发
[内容]每一分钟触发一次
*********************

*********************
[时间]2025-03-12 05:49:39
[标识]分钟触发
[内容]每一分钟触发一次
*********************

*********************
[时间]2025-03-12 05:50:39
[标识]分钟触发
[内容]每一分钟触发一次
*********************

*********************
[时间]2025-03-12 05:51:39
[标识]分钟触发
[内容]每一分钟触发一次
*********************

*********************
[时间]2025-03-12 05:52:39
[标识]分钟触发
[内容]每一分钟触发一次
*********************

*********************
[时间]2025-03-12 05:53:39
[标识]分钟触发
[内容]每一分钟触发一次
*********************

*********************
[时间]2025-03-12 05:54:39
[标识]分钟触发
[内容]每一分钟触发一次
*********************

*********************
[时间]2025-03-12 05:55:39
[标识]分钟触发
[内容]每一分钟触发一次
*********************

*********************
[时间]2025-03-12 05:56:39
[标识]分钟触发
[内容]每一分钟触发一次
*********************

*********************
[时间]2025-03-12 05:57:39
[标识]分钟触发
[内容]每一分钟触发一次
*********************

*********************
[时间]2025-03-12 05:58:39
[标识]分钟触发
[内容]每一分钟触发一次
*********************

*********************
[时间]2025-03-12 05:59:39
[标识]分钟触发
[内容]每一分钟触发一次
*********************

*********************
[时间]2025-03-12 06:00:39
[标识]分钟触发
[内容]每一分钟触发一次
*********************

*********************
[时间]2025-03-12 06:01:39
[标识]分钟触发
[内容]每一分钟触发一次
*********************

*********************
[时间]2025-03-12 06:02:39
[标识]分钟触发
[内容]每一分钟触发一次
*********************

*********************
[时间]2025-03-12 06:03:39
[标识]分钟触发
[内容]每一分钟触发一次
*********************

*********************
[时间]2025-03-12 06:04:39
[标识]分钟触发
[内容]每一分钟触发一次
*********************

*********************
[时间]2025-03-12 06:05:39
[标识]分钟触发
[内容]每一分钟触发一次
*********************

*********************
[时间]2025-03-12 06:06:39
[标识]分钟触发
[内容]每一分钟触发一次
*********************

*********************
[时间]2025-03-12 06:07:39
[标识]分钟触发
[内容]每一分钟触发一次
*********************

*********************
[时间]2025-03-12 06:08:39
[标识]分钟触发
[内容]每一分钟触发一次
*********************

*********************
[时间]2025-03-12 06:09:39
[标识]分钟触发
[内容]每一分钟触发一次
*********************

*********************
[时间]2025-03-12 06:10:39
[标识]分钟触发
[内容]每一分钟触发一次
*********************

*********************
[时间]2025-03-12 06:11:39
[标识]分钟触发
[内容]每一分钟触发一次
*********************

*********************
[时间]2025-03-12 06:12:39
[标识]分钟触发
[内容]每一分钟触发一次
*********************

*********************
[时间]2025-03-12 06:13:39
[标识]分钟触发
[内容]每一分钟触发一次
*********************

*********************
[时间]2025-03-12 06:14:39
[标识]分钟触发
[内容]每一分钟触发一次
*********************

*********************
[时间]2025-03-12 06:15:39
[标识]分钟触发
[内容]每一分钟触发一次
*********************

*********************
[时间]2025-03-12 06:16:39
[标识]分钟触发
[内容]每一分钟触发一次
*********************

*********************
[时间]2025-03-12 06:17:39
[标识]分钟触发
[内容]每一分钟触发一次
*********************

*********************
[时间]2025-03-12 06:18:39
[标识]分钟触发
[内容]每一分钟触发一次
*********************

*********************
[时间]2025-03-12 06:19:39
[标识]分钟触发
[内容]每一分钟触发一次
*********************

*********************
[时间]2025-03-12 06:20:39
[标识]分钟触发
[内容]每一分钟触发一次
*********************

*********************
[时间]2025-03-12 06:21:39
[标识]分钟触发
[内容]每一分钟触发一次
*********************

*********************
[时间]2025-03-12 06:22:39
[标识]分钟触发
[内容]每一分钟触发一次
*********************

*********************
[时间]2025-03-12 06:23:39
[标识]分钟触发
[内容]每一分钟触发一次
*********************

*********************
[时间]2025-03-12 06:24:39
[标识]分钟触发
[内容]每一分钟触发一次
*********************

*********************
[时间]2025-03-12 06:25:39
[标识]分钟触发
[内容]每一分钟触发一次
*********************

*********************
[时间]2025-03-12 06:26:39
[标识]分钟触发
[内容]每一分钟触发一次
*********************

*********************
[时间]2025-03-12 06:27:39
[标识]分钟触发
[内容]每一分钟触发一次
*********************

*********************
[时间]2025-03-12 06:28:39
[标识]分钟触发
[内容]每一分钟触发一次
*********************

*********************
[时间]2025-03-12 06:29:39
[标识]分钟触发
[内容]每一分钟触发一次
*********************

*********************
[时间]2025-03-12 06:30:39
[标识]分钟触发
[内容]每一分钟触发一次
*********************

*********************
[时间]2025-03-12 06:31:39
[标识]分钟触发
[内容]每一分钟触发一次
*********************

*********************
[时间]2025-03-12 06:32:39
[标识]分钟触发
[内容]每一分钟触发一次
*********************

*********************
[时间]2025-03-12 06:33:39
[标识]分钟触发
[内容]每一分钟触发一次
*********************

*********************
[时间]2025-03-12 06:34:39
[标识]分钟触发
[内容]每一分钟触发一次
*********************

*********************
[时间]2025-03-12 06:35:39
[标识]分钟触发
[内容]每一分钟触发一次
*********************

*********************
[时间]2025-03-12 06:36:39
[标识]分钟触发
[内容]每一分钟触发一次
*********************

*********************
[时间]2025-03-12 06:37:39
[标识]分钟触发
[内容]每一分钟触发一次
*********************

*********************
[时间]2025-03-12 06:38:39
[标识]分钟触发
[内容]每一分钟触发一次
*********************

*********************
[时间]2025-03-12 06:39:39
[标识]分钟触发
[内容]每一分钟触发一次
*********************

*********************
[时间]2025-03-12 06:40:39
[标识]分钟触发
[内容]每一分钟触发一次
*********************

*********************
[时间]2025-03-12 06:41:39
[标识]分钟触发
[内容]每一分钟触发一次
*********************

*********************
[时间]2025-03-12 06:42:39
[标识]分钟触发
[内容]每一分钟触发一次
*********************

*********************
[时间]2025-03-12 06:43:39
[标识]分钟触发
[内容]每一分钟触发一次
*********************

*********************
[时间]2025-03-12 06:44:39
[标识]分钟触发
[内容]每一分钟触发一次
*********************

*********************
[时间]2025-03-12 06:45:39
[标识]分钟触发
[内容]每一分钟触发一次
*********************

*********************
[时间]2025-03-12 06:46:39
[标识]分钟触发
[内容]每一分钟触发一次
*********************

*********************
[时间]2025-03-12 06:47:39
[标识]分钟触发
[内容]每一分钟触发一次
*********************

*********************
[时间]2025-03-12 06:48:39
[标识]分钟触发
[内容]每一分钟触发一次
*********************

*********************
[时间]2025-03-12 06:49:39
[标识]分钟触发
[内容]每一分钟触发一次
*********************

*********************
[时间]2025-03-12 06:50:39
[标识]分钟触发
[内容]每一分钟触发一次
*********************

*********************
[时间]2025-03-12 06:51:39
[标识]分钟触发
[内容]每一分钟触发一次
*********************

*********************
[时间]2025-03-12 06:52:39
[标识]分钟触发
[内容]每一分钟触发一次
*********************

*********************
[时间]2025-03-12 06:53:39
[标识]分钟触发
[内容]每一分钟触发一次
*********************

*********************
[时间]2025-03-12 06:54:39
[标识]分钟触发
[内容]每一分钟触发一次
*********************

*********************
[时间]2025-03-12 06:55:39
[标识]分钟触发
[内容]每一分钟触发一次
*********************

*********************
[时间]2025-03-12 06:56:39
[标识]分钟触发
[内容]每一分钟触发一次
*********************

*********************
[时间]2025-03-12 06:57:39
[标识]分钟触发
[内容]每一分钟触发一次
*********************

*********************
[时间]2025-03-12 06:58:39
[标识]分钟触发
[内容]每一分钟触发一次
*********************

*********************
[时间]2025-03-12 06:59:39
[标识]分钟触发
[内容]每一分钟触发一次
*********************

*********************
[时间]2025-03-12 07:00:39
[标识]分钟触发
[内容]每一分钟触发一次
*********************

*********************
[时间]2025-03-12 07:01:39
[标识]分钟触发
[内容]每一分钟触发一次
*********************

*********************
[时间]2025-03-12 07:02:39
[标识]分钟触发
[内容]每一分钟触发一次
*********************

*********************
[时间]2025-03-12 07:03:39
[标识]分钟触发
[内容]每一分钟触发一次
*********************

*********************
[时间]2025-03-12 07:04:39
[标识]分钟触发
[内容]每一分钟触发一次
*********************

*********************
[时间]2025-03-12 07:05:39
[标识]分钟触发
[内容]每一分钟触发一次
*********************

*********************
[时间]2025-03-12 07:06:40
[标识]分钟触发
[内容]每一分钟触发一次
*********************

*********************
[时间]2025-03-12 07:07:40
[标识]分钟触发
[内容]每一分钟触发一次
*********************

*********************
[时间]2025-03-12 07:08:40
[标识]分钟触发
[内容]每一分钟触发一次
*********************

*********************
[时间]2025-03-12 07:09:40
[标识]分钟触发
[内容]每一分钟触发一次
*********************

*********************
[时间]2025-03-12 07:10:40
[标识]分钟触发
[内容]每一分钟触发一次
*********************

*********************
[时间]2025-03-12 07:11:40
[标识]分钟触发
[内容]每一分钟触发一次
*********************

*********************
[时间]2025-03-12 07:12:40
[标识]分钟触发
[内容]每一分钟触发一次
*********************

*********************
[时间]2025-03-12 07:13:40
[标识]分钟触发
[内容]每一分钟触发一次
*********************

*********************
[时间]2025-03-12 07:14:40
[标识]分钟触发
[内容]每一分钟触发一次
*********************

*********************
[时间]2025-03-12 07:15:40
[标识]分钟触发
[内容]每一分钟触发一次
*********************

*********************
[时间]2025-03-12 07:16:40
[标识]分钟触发
[内容]每一分钟触发一次
*********************

*********************
[时间]2025-03-12 07:17:40
[标识]分钟触发
[内容]每一分钟触发一次
*********************

*********************
[时间]2025-03-12 07:18:40
[标识]分钟触发
[内容]每一分钟触发一次
*********************

*********************
[时间]2025-03-12 07:19:40
[标识]分钟触发
[内容]每一分钟触发一次
*********************

*********************
[时间]2025-03-12 07:20:40
[标识]分钟触发
[内容]每一分钟触发一次
*********************

*********************
[时间]2025-03-12 07:21:40
[标识]分钟触发
[内容]每一分钟触发一次
*********************

*********************
[时间]2025-03-12 07:22:40
[标识]分钟触发
[内容]每一分钟触发一次
*********************

*********************
[时间]2025-03-12 07:23:40
[标识]分钟触发
[内容]每一分钟触发一次
*********************

*********************
[时间]2025-03-12 07:24:40
[标识]分钟触发
[内容]每一分钟触发一次
*********************

*********************
[时间]2025-03-12 07:25:40
[标识]分钟触发
[内容]每一分钟触发一次
*********************

*********************
[时间]2025-03-12 07:26:40
[标识]分钟触发
[内容]每一分钟触发一次
*********************

*********************
[时间]2025-03-12 07:27:40
[标识]分钟触发
[内容]每一分钟触发一次
*********************

*********************
[时间]2025-03-12 07:28:40
[标识]分钟触发
[内容]每一分钟触发一次
*********************

*********************
[时间]2025-03-12 07:29:40
[标识]分钟触发
[内容]每一分钟触发一次
*********************

*********************
[时间]2025-03-12 07:30:40
[标识]分钟触发
[内容]每一分钟触发一次
*********************

*********************
[时间]2025-03-12 07:31:40
[标识]分钟触发
[内容]每一分钟触发一次
*********************

*********************
[时间]2025-03-12 07:32:40
[标识]分钟触发
[内容]每一分钟触发一次
*********************

*********************
[时间]2025-03-12 07:33:40
[标识]分钟触发
[内容]每一分钟触发一次
*********************

*********************
[时间]2025-03-12 07:34:40
[标识]分钟触发
[内容]每一分钟触发一次
*********************

*********************
[时间]2025-03-12 07:35:40
[标识]分钟触发
[内容]每一分钟触发一次
*********************

*********************
[时间]2025-03-12 07:36:40
[标识]分钟触发
[内容]每一分钟触发一次
*********************

*********************
[时间]2025-03-12 07:37:40
[标识]分钟触发
[内容]每一分钟触发一次
*********************

*********************
[时间]2025-03-12 07:38:40
[标识]分钟触发
[内容]每一分钟触发一次
*********************

*********************
[时间]2025-03-12 07:39:40
[标识]分钟触发
[内容]每一分钟触发一次
*********************

*********************
[时间]2025-03-12 07:40:40
[标识]分钟触发
[内容]每一分钟触发一次
*********************

*********************
[时间]2025-03-12 07:41:40
[标识]分钟触发
[内容]每一分钟触发一次
*********************

*********************
[时间]2025-03-12 07:42:40
[标识]分钟触发
[内容]每一分钟触发一次
*********************

*********************
[时间]2025-03-12 07:43:40
[标识]分钟触发
[内容]每一分钟触发一次
*********************

*********************
[时间]2025-03-12 07:44:40
[标识]分钟触发
[内容]每一分钟触发一次
*********************

*********************
[时间]2025-03-12 07:45:40
[标识]分钟触发
[内容]每一分钟触发一次
*********************

*********************
[时间]2025-03-12 07:46:40
[标识]分钟触发
[内容]每一分钟触发一次
*********************

*********************
[时间]2025-03-12 07:47:40
[标识]分钟触发
[内容]每一分钟触发一次
*********************

*********************
[时间]2025-03-12 07:48:40
[标识]分钟触发
[内容]每一分钟触发一次
*********************

*********************
[时间]2025-03-12 07:49:40
[标识]分钟触发
[内容]每一分钟触发一次
*********************

*********************
[时间]2025-03-12 07:50:40
[标识]分钟触发
[内容]每一分钟触发一次
*********************

*********************
[时间]2025-03-12 07:51:40
[标识]分钟触发
[内容]每一分钟触发一次
*********************

*********************
[时间]2025-03-12 07:52:40
[标识]分钟触发
[内容]每一分钟触发一次
*********************

*********************
[时间]2025-03-12 07:53:40
[标识]分钟触发
[内容]每一分钟触发一次
*********************

*********************
[时间]2025-03-12 07:54:40
[标识]分钟触发
[内容]每一分钟触发一次
*********************

*********************
[时间]2025-03-12 07:55:40
[标识]分钟触发
[内容]每一分钟触发一次
*********************

*********************
[时间]2025-03-12 07:56:40
[标识]分钟触发
[内容]每一分钟触发一次
*********************

*********************
[时间]2025-03-12 07:57:40
[标识]分钟触发
[内容]每一分钟触发一次
*********************

*********************
[时间]2025-03-12 07:58:40
[标识]分钟触发
[内容]每一分钟触发一次
*********************

*********************
[时间]2025-03-12 07:59:40
[标识]分钟触发
[内容]每一分钟触发一次
*********************

*********************
[时间]2025-03-12 08:00:40
[标识]分钟触发
[内容]每一分钟触发一次
*********************

*********************
[时间]2025-03-12 08:01:40
[标识]分钟触发
[内容]每一分钟触发一次
*********************

*********************
[时间]2025-03-12 08:02:40
[标识]分钟触发
[内容]每一分钟触发一次
*********************

*********************
[时间]2025-03-12 08:03:40
[标识]分钟触发
[内容]每一分钟触发一次
*********************

*********************
[时间]2025-03-12 08:04:40
[标识]分钟触发
[内容]每一分钟触发一次
*********************

*********************
[时间]2025-03-12 08:05:40
[标识]分钟触发
[内容]每一分钟触发一次
*********************

*********************
[时间]2025-03-12 08:06:40
[标识]分钟触发
[内容]每一分钟触发一次
*********************

*********************
[时间]2025-03-12 08:07:40
[标识]分钟触发
[内容]每一分钟触发一次
*********************

*********************
[时间]2025-03-12 08:08:40
[标识]分钟触发
[内容]每一分钟触发一次
*********************

*********************
[时间]2025-03-12 08:09:40
[标识]分钟触发
[内容]每一分钟触发一次
*********************

*********************
[时间]2025-03-12 08:10:40
[标识]分钟触发
[内容]每一分钟触发一次
*********************

*********************
[时间]2025-03-12 08:11:40
[标识]分钟触发
[内容]每一分钟触发一次
*********************

*********************
[时间]2025-03-12 08:12:40
[标识]分钟触发
[内容]每一分钟触发一次
*********************

*********************
[时间]2025-03-12 08:13:40
[标识]分钟触发
[内容]每一分钟触发一次
*********************

*********************
[时间]2025-03-12 08:14:40
[标识]分钟触发
[内容]每一分钟触发一次
*********************

*********************
[时间]2025-03-12 08:15:40
[标识]分钟触发
[内容]每一分钟触发一次
*********************

*********************
[时间]2025-03-12 08:16:40
[标识]分钟触发
[内容]每一分钟触发一次
*********************

*********************
[时间]2025-03-12 08:17:40
[标识]分钟触发
[内容]每一分钟触发一次
*********************

*********************
[时间]2025-03-12 08:18:40
[标识]分钟触发
[内容]每一分钟触发一次
*********************

*********************
[时间]2025-03-12 08:19:40
[标识]分钟触发
[内容]每一分钟触发一次
*********************

*********************
[时间]2025-03-12 08:20:40
[标识]分钟触发
[内容]每一分钟触发一次
*********************

*********************
[时间]2025-03-12 08:21:40
[标识]分钟触发
[内容]每一分钟触发一次
*********************

*********************
[时间]2025-03-12 08:22:40
[标识]分钟触发
[内容]每一分钟触发一次
*********************

*********************
[时间]2025-03-12 08:23:40
[标识]分钟触发
[内容]每一分钟触发一次
*********************

*********************
[时间]2025-03-12 08:24:40
[标识]分钟触发
[内容]每一分钟触发一次
*********************

*********************
[时间]2025-03-12 08:25:40
[标识]分钟触发
[内容]每一分钟触发一次
*********************

*********************
[时间]2025-03-12 08:26:40
[标识]分钟触发
[内容]每一分钟触发一次
*********************

*********************
[时间]2025-03-12 08:27:40
[标识]分钟触发
[内容]每一分钟触发一次
*********************

*********************
[时间]2025-03-12 08:28:40
[标识]分钟触发
[内容]每一分钟触发一次
*********************

*********************
[时间]2025-03-12 08:29:40
[标识]分钟触发
[内容]每一分钟触发一次
*********************

*********************
[时间]2025-03-12 08:30:40
[标识]分钟触发
[内容]每一分钟触发一次
*********************

*********************
[时间]2025-03-12 08:31:40
[标识]分钟触发
[内容]每一分钟触发一次
*********************

*********************
[时间]2025-03-12 08:32:40
[标识]分钟触发
[内容]每一分钟触发一次
*********************

*********************
[时间]2025-03-12 08:33:40
[标识]分钟触发
[内容]每一分钟触发一次
*********************

*********************
[时间]2025-03-12 08:34:40
[标识]分钟触发
[内容]每一分钟触发一次
*********************

*********************
[时间]2025-03-12 08:35:40
[标识]分钟触发
[内容]每一分钟触发一次
*********************

*********************
[时间]2025-03-12 08:36:40
[标识]分钟触发
[内容]每一分钟触发一次
*********************

*********************
[时间]2025-03-12 08:37:40
[标识]分钟触发
[内容]每一分钟触发一次
*********************

*********************
[时间]2025-03-12 08:38:40
[标识]分钟触发
[内容]每一分钟触发一次
*********************

*********************
[时间]2025-03-12 08:39:40
[标识]分钟触发
[内容]每一分钟触发一次
*********************

*********************
[时间]2025-03-12 08:40:40
[标识]分钟触发
[内容]每一分钟触发一次
*********************

*********************
[时间]2025-03-12 08:41:40
[标识]分钟触发
[内容]每一分钟触发一次
*********************

*********************
[时间]2025-03-12 08:42:40
[标识]分钟触发
[内容]每一分钟触发一次
*********************

*********************
[时间]2025-03-12 08:43:40
[标识]分钟触发
[内容]每一分钟触发一次
*********************

*********************
[时间]2025-03-12 08:44:40
[标识]分钟触发
[内容]每一分钟触发一次
*********************

*********************
[时间]2025-03-12 08:45:40
[标识]分钟触发
[内容]每一分钟触发一次
*********************

*********************
[时间]2025-03-12 08:46:40
[标识]分钟触发
[内容]每一分钟触发一次
*********************

*********************
[时间]2025-03-12 08:47:40
[标识]分钟触发
[内容]每一分钟触发一次
*********************

*********************
[时间]2025-03-12 08:48:40
[标识]分钟触发
[内容]每一分钟触发一次
*********************

*********************
[时间]2025-03-12 08:49:40
[标识]分钟触发
[内容]每一分钟触发一次
*********************

*********************
[时间]2025-03-12 08:50:40
[标识]分钟触发
[内容]每一分钟触发一次
*********************

*********************
[时间]2025-03-12 08:51:40
[标识]分钟触发
[内容]每一分钟触发一次
*********************

*********************
[时间]2025-03-12 08:52:40
[标识]分钟触发
[内容]每一分钟触发一次
*********************

*********************
[时间]2025-03-12 08:53:40
[标识]分钟触发
[内容]每一分钟触发一次
*********************

*********************
[时间]2025-03-12 08:54:40
[标识]分钟触发
[内容]每一分钟触发一次
*********************

*********************
[时间]2025-03-12 08:55:40
[标识]分钟触发
[内容]每一分钟触发一次
*********************

*********************
[时间]2025-03-12 08:56:40
[标识]分钟触发
[内容]每一分钟触发一次
*********************

*********************
[时间]2025-03-12 08:57:40
[标识]分钟触发
[内容]每一分钟触发一次
*********************

*********************
[时间]2025-03-12 08:58:40
[标识]分钟触发
[内容]每一分钟触发一次
*********************

*********************
[时间]2025-03-12 08:59:40
[标识]分钟触发
[内容]每一分钟触发一次
*********************

*********************
[时间]2025-03-12 09:00:40
[标识]分钟触发
[内容]每一分钟触发一次
*********************

*********************
[时间]2025-03-12 09:01:40
[标识]分钟触发
[内容]每一分钟触发一次
*********************

*********************
[时间]2025-03-12 09:02:40
[标识]分钟触发
[内容]每一分钟触发一次
*********************

*********************
[时间]2025-03-12 09:03:40
[标识]分钟触发
[内容]每一分钟触发一次
*********************

*********************
[时间]2025-03-12 09:04:40
[标识]分钟触发
[内容]每一分钟触发一次
*********************

*********************
[时间]2025-03-12 09:05:40
[标识]分钟触发
[内容]每一分钟触发一次
*********************

*********************
[时间]2025-03-12 09:06:40
[标识]分钟触发
[内容]每一分钟触发一次
*********************

*********************
[时间]2025-03-12 09:07:40
[标识]分钟触发
[内容]每一分钟触发一次
*********************

*********************
[时间]2025-03-12 09:08:40
[标识]分钟触发
[内容]每一分钟触发一次
*********************

*********************
[时间]2025-03-12 09:09:40
[标识]分钟触发
[内容]每一分钟触发一次
*********************

*********************
[时间]2025-03-12 09:10:40
[标识]分钟触发
[内容]每一分钟触发一次
*********************

*********************
[时间]2025-03-12 09:11:40
[标识]分钟触发
[内容]每一分钟触发一次
*********************

*********************
[时间]2025-03-12 09:12:40
[标识]分钟触发
[内容]每一分钟触发一次
*********************

*********************
[时间]2025-03-12 09:13:40
[标识]分钟触发
[内容]每一分钟触发一次
*********************

*********************
[时间]2025-03-12 09:14:40
[标识]分钟触发
[内容]每一分钟触发一次
*********************

*********************
[时间]2025-03-12 09:15:40
[标识]分钟触发
[内容]每一分钟触发一次
*********************

*********************
[时间]2025-03-12 09:16:41
[标识]分钟触发
[内容]每一分钟触发一次
*********************

*********************
[时间]2025-03-12 09:17:41
[标识]分钟触发
[内容]每一分钟触发一次
*********************

*********************
[时间]2025-03-12 09:18:41
[标识]分钟触发
[内容]每一分钟触发一次
*********************

*********************
[时间]2025-03-12 09:19:41
[标识]分钟触发
[内容]每一分钟触发一次
*********************

*********************
[时间]2025-03-12 09:20:41
[标识]分钟触发
[内容]每一分钟触发一次
*********************

*********************
[时间]2025-03-12 09:21:41
[标识]分钟触发
[内容]每一分钟触发一次
*********************

*********************
[时间]2025-03-12 09:22:41
[标识]分钟触发
[内容]每一分钟触发一次
*********************

*********************
[时间]2025-03-12 09:23:41
[标识]分钟触发
[内容]每一分钟触发一次
*********************

*********************
[时间]2025-03-12 09:24:41
[标识]分钟触发
[内容]每一分钟触发一次
*********************

*********************
[时间]2025-03-12 09:25:41
[标识]分钟触发
[内容]每一分钟触发一次
*********************

*********************
[时间]2025-03-12 09:26:41
[标识]分钟触发
[内容]每一分钟触发一次
*********************

*********************
[时间]2025-03-12 09:27:41
[标识]分钟触发
[内容]每一分钟触发一次
*********************

*********************
[时间]2025-03-12 09:28:41
[标识]分钟触发
[内容]每一分钟触发一次
*********************

*********************
[时间]2025-03-12 09:29:41
[标识]分钟触发
[内容]每一分钟触发一次
*********************

*********************
[时间]2025-03-12 09:30:41
[标识]分钟触发
[内容]每一分钟触发一次
*********************

*********************
[时间]2025-03-12 09:31:41
[标识]分钟触发
[内容]每一分钟触发一次
*********************

*********************
[时间]2025-03-12 09:32:41
[标识]分钟触发
[内容]每一分钟触发一次
*********************

*********************
[时间]2025-03-12 09:33:41
[标识]分钟触发
[内容]每一分钟触发一次
*********************

*********************
[时间]2025-03-12 09:34:41
[标识]分钟触发
[内容]每一分钟触发一次
*********************

*********************
[时间]2025-03-12 09:35:41
[标识]分钟触发
[内容]每一分钟触发一次
*********************

*********************
[时间]2025-03-12 09:36:41
[标识]分钟触发
[内容]每一分钟触发一次
*********************

*********************
[时间]2025-03-12 09:37:41
[标识]分钟触发
[内容]每一分钟触发一次
*********************

*********************
[时间]2025-03-12 09:38:41
[标识]分钟触发
[内容]每一分钟触发一次
*********************

*********************
[时间]2025-03-12 09:39:41
[标识]分钟触发
[内容]每一分钟触发一次
*********************

*********************
[时间]2025-03-12 09:40:41
[标识]分钟触发
[内容]每一分钟触发一次
*********************

*********************
[时间]2025-03-12 09:41:41
[标识]分钟触发
[内容]每一分钟触发一次
*********************

*********************
[时间]2025-03-12 09:42:41
[标识]分钟触发
[内容]每一分钟触发一次
*********************

*********************
[时间]2025-03-12 09:43:41
[标识]分钟触发
[内容]每一分钟触发一次
*********************

*********************
[时间]2025-03-12 09:44:41
[标识]分钟触发
[内容]每一分钟触发一次
*********************

*********************
[时间]2025-03-12 09:45:41
[标识]分钟触发
[内容]每一分钟触发一次
*********************

*********************
[时间]2025-03-12 09:46:41
[标识]分钟触发
[内容]每一分钟触发一次
*********************

*********************
[时间]2025-03-12 09:47:41
[标识]分钟触发
[内容]每一分钟触发一次
*********************

*********************
[时间]2025-03-12 09:48:41
[标识]分钟触发
[内容]每一分钟触发一次
*********************

*********************
[时间]2025-03-12 09:49:41
[标识]分钟触发
[内容]每一分钟触发一次
*********************

*********************
[时间]2025-03-12 09:50:41
[标识]分钟触发
[内容]每一分钟触发一次
*********************

*********************
[时间]2025-03-12 09:51:41
[标识]分钟触发
[内容]每一分钟触发一次
*********************

*********************
[时间]2025-03-12 09:52:41
[标识]分钟触发
[内容]每一分钟触发一次
*********************

*********************
[时间]2025-03-12 09:53:41
[标识]分钟触发
[内容]每一分钟触发一次
*********************

*********************
[时间]2025-03-12 09:54:41
[标识]分钟触发
[内容]每一分钟触发一次
*********************

*********************
[时间]2025-03-12 09:55:41
[标识]分钟触发
[内容]每一分钟触发一次
*********************

*********************
[时间]2025-03-12 09:56:41
[标识]分钟触发
[内容]每一分钟触发一次
*********************

*********************
[时间]2025-03-12 09:57:41
[标识]分钟触发
[内容]每一分钟触发一次
*********************

*********************
[时间]2025-03-12 09:58:41
[标识]分钟触发
[内容]每一分钟触发一次
*********************

*********************
[时间]2025-03-12 09:59:41
[标识]分钟触发
[内容]每一分钟触发一次
*********************

*********************
[时间]2025-03-12 10:00:41
[标识]分钟触发
[内容]每一分钟触发一次
*********************

*********************
[时间]2025-03-12 10:01:41
[标识]分钟触发
[内容]每一分钟触发一次
*********************

*********************
[时间]2025-03-12 10:02:41
[标识]分钟触发
[内容]每一分钟触发一次
*********************

*********************
[时间]2025-03-12 10:03:41
[标识]分钟触发
[内容]每一分钟触发一次
*********************

*********************
[时间]2025-03-12 10:04:41
[标识]分钟触发
[内容]每一分钟触发一次
*********************

*********************
[时间]2025-03-12 10:05:41
[标识]分钟触发
[内容]每一分钟触发一次
*********************

*********************
[时间]2025-03-12 10:06:41
[标识]分钟触发
[内容]每一分钟触发一次
*********************

*********************
[时间]2025-03-12 10:07:41
[标识]分钟触发
[内容]每一分钟触发一次
*********************

*********************
[时间]2025-03-12 10:08:41
[标识]分钟触发
[内容]每一分钟触发一次
*********************

*********************
[时间]2025-03-12 10:09:41
[标识]分钟触发
[内容]每一分钟触发一次
*********************

*********************
[时间]2025-03-12 10:10:41
[标识]分钟触发
[内容]每一分钟触发一次
*********************

*********************
[时间]2025-03-12 10:11:41
[标识]分钟触发
[内容]每一分钟触发一次
*********************

*********************
[时间]2025-03-12 10:12:41
[标识]分钟触发
[内容]每一分钟触发一次
*********************

*********************
[时间]2025-03-12 10:13:41
[标识]分钟触发
[内容]每一分钟触发一次
*********************

*********************
[时间]2025-03-12 10:14:41
[标识]分钟触发
[内容]每一分钟触发一次
*********************

*********************
[时间]2025-03-12 10:15:41
[标识]分钟触发
[内容]每一分钟触发一次
*********************

*********************
[时间]2025-03-12 10:16:41
[标识]分钟触发
[内容]每一分钟触发一次
*********************

*********************
[时间]2025-03-12 10:17:41
[标识]分钟触发
[内容]每一分钟触发一次
*********************

*********************
[时间]2025-03-12 10:18:41
[标识]分钟触发
[内容]每一分钟触发一次
*********************

*********************
[时间]2025-03-12 10:19:41
[标识]分钟触发
[内容]每一分钟触发一次
*********************

*********************
[时间]2025-03-12 10:20:41
[标识]分钟触发
[内容]每一分钟触发一次
*********************

*********************
[时间]2025-03-12 10:21:41
[标识]分钟触发
[内容]每一分钟触发一次
*********************

*********************
[时间]2025-03-12 10:22:41
[标识]分钟触发
[内容]每一分钟触发一次
*********************

*********************
[时间]2025-03-12 10:23:41
[标识]分钟触发
[内容]每一分钟触发一次
*********************

*********************
[时间]2025-03-12 10:24:41
[标识]分钟触发
[内容]每一分钟触发一次
*********************

*********************
[时间]2025-03-12 10:25:41
[标识]分钟触发
[内容]每一分钟触发一次
*********************

*********************
[时间]2025-03-12 10:26:41
[标识]分钟触发
[内容]每一分钟触发一次
*********************

*********************
[时间]2025-03-12 10:27:41
[标识]分钟触发
[内容]每一分钟触发一次
*********************

*********************
[时间]2025-03-12 10:28:41
[标识]分钟触发
[内容]每一分钟触发一次
*********************

*********************
[时间]2025-03-12 10:29:41
[标识]分钟触发
[内容]每一分钟触发一次
*********************

*********************
[时间]2025-03-12 10:30:41
[标识]分钟触发
[内容]每一分钟触发一次
*********************

*********************
[时间]2025-03-12 10:31:41
[标识]分钟触发
[内容]每一分钟触发一次
*********************

*********************
[时间]2025-03-12 10:32:41
[标识]分钟触发
[内容]每一分钟触发一次
*********************

*********************
[时间]2025-03-12 10:33:41
[标识]分钟触发
[内容]每一分钟触发一次
*********************

*********************
[时间]2025-03-12 10:34:41
[标识]分钟触发
[内容]每一分钟触发一次
*********************

*********************
[时间]2025-03-12 10:35:41
[标识]分钟触发
[内容]每一分钟触发一次
*********************

*********************
[时间]2025-03-12 10:36:41
[标识]分钟触发
[内容]每一分钟触发一次
*********************

*********************
[时间]2025-03-12 10:37:41
[标识]分钟触发
[内容]每一分钟触发一次
*********************

*********************
[时间]2025-03-12 10:38:41
[标识]分钟触发
[内容]每一分钟触发一次
*********************

*********************
[时间]2025-03-12 10:39:41
[标识]分钟触发
[内容]每一分钟触发一次
*********************

*********************
[时间]2025-03-12 10:40:41
[标识]分钟触发
[内容]每一分钟触发一次
*********************

*********************
[时间]2025-03-12 10:41:41
[标识]分钟触发
[内容]每一分钟触发一次
*********************

*********************
[时间]2025-03-12 10:42:41
[标识]分钟触发
[内容]每一分钟触发一次
*********************

*********************
[时间]2025-03-12 10:43:41
[标识]分钟触发
[内容]每一分钟触发一次
*********************

*********************
[时间]2025-03-12 10:44:41
[标识]分钟触发
[内容]每一分钟触发一次
*********************

*********************
[时间]2025-03-12 10:45:41
[标识]分钟触发
[内容]每一分钟触发一次
*********************

*********************
[时间]2025-03-12 10:46:41
[标识]分钟触发
[内容]每一分钟触发一次
*********************

*********************
[时间]2025-03-12 10:47:41
[标识]分钟触发
[内容]每一分钟触发一次
*********************

*********************
[时间]2025-03-12 10:48:41
[标识]分钟触发
[内容]每一分钟触发一次
*********************

*********************
[时间]2025-03-12 10:49:41
[标识]分钟触发
[内容]每一分钟触发一次
*********************

*********************
[时间]2025-03-12 10:50:41
[标识]分钟触发
[内容]每一分钟触发一次
*********************

*********************
[时间]2025-03-12 10:51:41
[标识]分钟触发
[内容]每一分钟触发一次
*********************

*********************
[时间]2025-03-12 10:52:41
[标识]分钟触发
[内容]每一分钟触发一次
*********************

*********************
[时间]2025-03-12 10:53:41
[标识]分钟触发
[内容]每一分钟触发一次
*********************

*********************
[时间]2025-03-12 10:54:41
[标识]分钟触发
[内容]每一分钟触发一次
*********************

*********************
[时间]2025-03-12 10:55:41
[标识]分钟触发
[内容]每一分钟触发一次
*********************

*********************
[时间]2025-03-12 10:56:41
[标识]分钟触发
[内容]每一分钟触发一次
*********************

*********************
[时间]2025-03-12 10:57:41
[标识]分钟触发
[内容]每一分钟触发一次
*********************

*********************
[时间]2025-03-12 10:58:41
[标识]分钟触发
[内容]每一分钟触发一次
*********************

*********************
[时间]2025-03-12 10:59:41
[标识]分钟触发
[内容]每一分钟触发一次
*********************

*********************
[时间]2025-03-12 11:00:41
[标识]分钟触发
[内容]每一分钟触发一次
*********************

*********************
[时间]2025-03-12 11:01:41
[标识]分钟触发
[内容]每一分钟触发一次
*********************

*********************
[时间]2025-03-12 11:02:41
[标识]分钟触发
[内容]每一分钟触发一次
*********************

*********************
[时间]2025-03-12 11:03:41
[标识]分钟触发
[内容]每一分钟触发一次
*********************

*********************
[时间]2025-03-12 11:04:41
[标识]分钟触发
[内容]每一分钟触发一次
*********************

*********************
[时间]2025-03-12 11:05:41
[标识]分钟触发
[内容]每一分钟触发一次
*********************

*********************
[时间]2025-03-12 11:06:41
[标识]分钟触发
[内容]每一分钟触发一次
*********************

*********************
[时间]2025-03-12 11:07:41
[标识]分钟触发
[内容]每一分钟触发一次
*********************

*********************
[时间]2025-03-12 11:08:41
[标识]分钟触发
[内容]每一分钟触发一次
*********************

*********************
[时间]2025-03-12 11:09:41
[标识]分钟触发
[内容]每一分钟触发一次
*********************

*********************
[时间]2025-03-12 11:10:41
[标识]分钟触发
[内容]每一分钟触发一次
*********************

*********************
[时间]2025-03-12 11:11:41
[标识]分钟触发
[内容]每一分钟触发一次
*********************

*********************
[时间]2025-03-12 11:12:41
[标识]分钟触发
[内容]每一分钟触发一次
*********************

*********************
[时间]2025-03-12 11:13:41
[标识]分钟触发
[内容]每一分钟触发一次
*********************

*********************
[时间]2025-03-12 11:14:41
[标识]分钟触发
[内容]每一分钟触发一次
*********************

*********************
[时间]2025-03-12 11:15:41
[标识]分钟触发
[内容]每一分钟触发一次
*********************

*********************
[时间]2025-03-12 11:16:41
[标识]分钟触发
[内容]每一分钟触发一次
*********************

*********************
[时间]2025-03-12 11:17:41
[标识]分钟触发
[内容]每一分钟触发一次
*********************

*********************
[时间]2025-03-12 11:18:41
[标识]分钟触发
[内容]每一分钟触发一次
*********************

*********************
[时间]2025-03-12 11:19:41
[标识]分钟触发
[内容]每一分钟触发一次
*********************

*********************
[时间]2025-03-12 11:20:41
[标识]分钟触发
[内容]每一分钟触发一次
*********************

*********************
[时间]2025-03-12 11:21:41
[标识]分钟触发
[内容]每一分钟触发一次
*********************

*********************
[时间]2025-03-12 11:22:42
[标识]分钟触发
[内容]每一分钟触发一次
*********************

*********************
[时间]2025-03-12 11:23:42
[标识]分钟触发
[内容]每一分钟触发一次
*********************

*********************
[时间]2025-03-12 11:24:42
[标识]分钟触发
[内容]每一分钟触发一次
*********************

*********************
[时间]2025-03-12 11:25:42
[标识]分钟触发
[内容]每一分钟触发一次
*********************

*********************
[时间]2025-03-12 11:26:42
[标识]分钟触发
[内容]每一分钟触发一次
*********************

*********************
[时间]2025-03-12 11:27:42
[标识]分钟触发
[内容]每一分钟触发一次
*********************

*********************
[时间]2025-03-12 11:28:42
[标识]分钟触发
[内容]每一分钟触发一次
*********************

*********************
[时间]2025-03-12 11:29:42
[标识]分钟触发
[内容]每一分钟触发一次
*********************

*********************
[时间]2025-03-12 11:30:42
[标识]分钟触发
[内容]每一分钟触发一次
*********************

*********************
[时间]2025-03-12 11:31:42
[标识]分钟触发
[内容]每一分钟触发一次
*********************

*********************
[时间]2025-03-12 11:32:42
[标识]分钟触发
[内容]每一分钟触发一次
*********************

*********************
[时间]2025-03-12 11:33:42
[标识]分钟触发
[内容]每一分钟触发一次
*********************

*********************
[时间]2025-03-12 11:34:42
[标识]分钟触发
[内容]每一分钟触发一次
*********************

*********************
[时间]2025-03-12 11:35:42
[标识]分钟触发
[内容]每一分钟触发一次
*********************

*********************
[时间]2025-03-12 11:36:42
[标识]分钟触发
[内容]每一分钟触发一次
*********************

*********************
[时间]2025-03-12 11:37:42
[标识]分钟触发
[内容]每一分钟触发一次
*********************

*********************
[时间]2025-03-12 11:38:42
[标识]分钟触发
[内容]每一分钟触发一次
*********************

*********************
[时间]2025-03-12 11:39:42
[标识]分钟触发
[内容]每一分钟触发一次
*********************

*********************
[时间]2025-03-12 11:40:42
[标识]分钟触发
[内容]每一分钟触发一次
*********************

*********************
[时间]2025-03-12 11:41:42
[标识]分钟触发
[内容]每一分钟触发一次
*********************

*********************
[时间]2025-03-12 11:42:42
[标识]分钟触发
[内容]每一分钟触发一次
*********************

*********************
[时间]2025-03-12 11:43:42
[标识]分钟触发
[内容]每一分钟触发一次
*********************

*********************
[时间]2025-03-12 11:44:42
[标识]分钟触发
[内容]每一分钟触发一次
*********************

*********************
[时间]2025-03-12 11:45:42
[标识]分钟触发
[内容]每一分钟触发一次
*********************

*********************
[时间]2025-03-12 11:46:42
[标识]分钟触发
[内容]每一分钟触发一次
*********************

*********************
[时间]2025-03-12 11:47:42
[标识]分钟触发
[内容]每一分钟触发一次
*********************

*********************
[时间]2025-03-12 11:48:42
[标识]分钟触发
[内容]每一分钟触发一次
*********************

*********************
[时间]2025-03-12 11:49:42
[标识]分钟触发
[内容]每一分钟触发一次
*********************

*********************
[时间]2025-03-12 11:50:42
[标识]分钟触发
[内容]每一分钟触发一次
*********************

*********************
[时间]2025-03-12 11:51:42
[标识]分钟触发
[内容]每一分钟触发一次
*********************

*********************
[时间]2025-03-12 11:52:42
[标识]分钟触发
[内容]每一分钟触发一次
*********************

*********************
[时间]2025-03-12 11:53:42
[标识]分钟触发
[内容]每一分钟触发一次
*********************

*********************
[时间]2025-03-12 11:54:42
[标识]分钟触发
[内容]每一分钟触发一次
*********************

*********************
[时间]2025-03-12 11:55:42
[标识]分钟触发
[内容]每一分钟触发一次
*********************

*********************
[时间]2025-03-12 11:56:42
[标识]分钟触发
[内容]每一分钟触发一次
*********************

*********************
[时间]2025-03-12 11:57:42
[标识]分钟触发
[内容]每一分钟触发一次
*********************

*********************
[时间]2025-03-12 11:58:42
[标识]分钟触发
[内容]每一分钟触发一次
*********************

*********************
[时间]2025-03-12 11:59:42
[标识]分钟触发
[内容]每一分钟触发一次
*********************

*********************
[时间]2025-03-12 12:00:42
[标识]分钟触发
[内容]每一分钟触发一次
*********************

*********************
[时间]2025-03-12 12:01:42
[标识]分钟触发
[内容]每一分钟触发一次
*********************

*********************
[时间]2025-03-12 12:02:42
[标识]分钟触发
[内容]每一分钟触发一次
*********************

*********************
[时间]2025-03-12 12:03:42
[标识]分钟触发
[内容]每一分钟触发一次
*********************

*********************
[时间]2025-03-12 12:04:42
[标识]分钟触发
[内容]每一分钟触发一次
*********************

*********************
[时间]2025-03-12 12:05:42
[标识]分钟触发
[内容]每一分钟触发一次
*********************

*********************
[时间]2025-03-12 12:06:42
[标识]分钟触发
[内容]每一分钟触发一次
*********************

*********************
[时间]2025-03-12 12:07:42
[标识]分钟触发
[内容]每一分钟触发一次
*********************

*********************
[时间]2025-03-12 12:08:42
[标识]分钟触发
[内容]每一分钟触发一次
*********************

*********************
[时间]2025-03-12 12:09:42
[标识]分钟触发
[内容]每一分钟触发一次
*********************

*********************
[时间]2025-03-12 12:10:42
[标识]分钟触发
[内容]每一分钟触发一次
*********************

*********************
[时间]2025-03-12 12:11:42
[标识]分钟触发
[内容]每一分钟触发一次
*********************

*********************
[时间]2025-03-12 12:12:42
[标识]分钟触发
[内容]每一分钟触发一次
*********************

*********************
[时间]2025-03-12 12:13:42
[标识]分钟触发
[内容]每一分钟触发一次
*********************

*********************
[时间]2025-03-12 12:14:42
[标识]分钟触发
[内容]每一分钟触发一次
*********************

*********************
[时间]2025-03-12 12:15:42
[标识]分钟触发
[内容]每一分钟触发一次
*********************

*********************
[时间]2025-03-12 12:16:42
[标识]分钟触发
[内容]每一分钟触发一次
*********************

*********************
[时间]2025-03-12 12:17:42
[标识]分钟触发
[内容]每一分钟触发一次
*********************

*********************
[时间]2025-03-12 12:18:42
[标识]分钟触发
[内容]每一分钟触发一次
*********************

*********************
[时间]2025-03-12 12:19:42
[标识]分钟触发
[内容]每一分钟触发一次
*********************

*********************
[时间]2025-03-12 12:20:42
[标识]分钟触发
[内容]每一分钟触发一次
*********************

*********************
[时间]2025-03-12 12:21:42
[标识]分钟触发
[内容]每一分钟触发一次
*********************

*********************
[时间]2025-03-12 12:22:42
[标识]分钟触发
[内容]每一分钟触发一次
*********************

*********************
[时间]2025-03-12 12:23:42
[标识]分钟触发
[内容]每一分钟触发一次
*********************

*********************
[时间]2025-03-12 12:24:42
[标识]分钟触发
[内容]每一分钟触发一次
*********************

*********************
[时间]2025-03-12 12:25:42
[标识]分钟触发
[内容]每一分钟触发一次
*********************

*********************
[时间]2025-03-12 12:26:42
[标识]分钟触发
[内容]每一分钟触发一次
*********************

*********************
[时间]2025-03-12 12:27:42
[标识]分钟触发
[内容]每一分钟触发一次
*********************

*********************
[时间]2025-03-12 12:28:42
[标识]分钟触发
[内容]每一分钟触发一次
*********************

*********************
[时间]2025-03-12 12:29:42
[标识]分钟触发
[内容]每一分钟触发一次
*********************

*********************
[时间]2025-03-12 12:30:42
[标识]分钟触发
[内容]每一分钟触发一次
*********************

*********************
[时间]2025-03-12 12:31:42
[标识]分钟触发
[内容]每一分钟触发一次
*********************

*********************
[时间]2025-03-12 12:32:42
[标识]分钟触发
[内容]每一分钟触发一次
*********************

*********************
[时间]2025-03-12 12:33:42
[标识]分钟触发
[内容]每一分钟触发一次
*********************

*********************
[时间]2025-03-12 12:34:42
[标识]分钟触发
[内容]每一分钟触发一次
*********************

*********************
[时间]2025-03-12 12:35:42
[标识]分钟触发
[内容]每一分钟触发一次
*********************

*********************
[时间]2025-03-12 12:36:42
[标识]分钟触发
[内容]每一分钟触发一次
*********************

*********************
[时间]2025-03-12 12:37:42
[标识]分钟触发
[内容]每一分钟触发一次
*********************

*********************
[时间]2025-03-12 12:38:42
[标识]分钟触发
[内容]每一分钟触发一次
*********************

*********************
[时间]2025-03-12 12:39:42
[标识]分钟触发
[内容]每一分钟触发一次
*********************

*********************
[时间]2025-03-12 12:40:42
[标识]分钟触发
[内容]每一分钟触发一次
*********************

*********************
[时间]2025-03-12 12:41:42
[标识]分钟触发
[内容]每一分钟触发一次
*********************

*********************
[时间]2025-03-12 12:42:42
[标识]分钟触发
[内容]每一分钟触发一次
*********************

*********************
[时间]2025-03-12 12:43:42
[标识]分钟触发
[内容]每一分钟触发一次
*********************

*********************
[时间]2025-03-12 12:44:42
[标识]分钟触发
[内容]每一分钟触发一次
*********************

*********************
[时间]2025-03-12 12:45:42
[标识]分钟触发
[内容]每一分钟触发一次
*********************

*********************
[时间]2025-03-12 12:46:42
[标识]分钟触发
[内容]每一分钟触发一次
*********************

*********************
[时间]2025-03-12 12:47:42
[标识]分钟触发
[内容]每一分钟触发一次
*********************

*********************
[时间]2025-03-12 12:48:42
[标识]分钟触发
[内容]每一分钟触发一次
*********************

*********************
[时间]2025-03-12 12:49:42
[标识]分钟触发
[内容]每一分钟触发一次
*********************

*********************
[时间]2025-03-12 12:50:42
[标识]分钟触发
[内容]每一分钟触发一次
*********************

*********************
[时间]2025-03-12 12:51:42
[标识]分钟触发
[内容]每一分钟触发一次
*********************

*********************
[时间]2025-03-12 12:52:42
[标识]分钟触发
[内容]每一分钟触发一次
*********************

*********************
[时间]2025-03-12 12:53:42
[标识]分钟触发
[内容]每一分钟触发一次
*********************

*********************
[时间]2025-03-12 12:54:42
[标识]分钟触发
[内容]每一分钟触发一次
*********************

*********************
[时间]2025-03-12 12:55:42
[标识]分钟触发
[内容]每一分钟触发一次
*********************

*********************
[时间]2025-03-12 12:56:42
[标识]分钟触发
[内容]每一分钟触发一次
*********************

*********************
[时间]2025-03-12 12:57:42
[标识]分钟触发
[内容]每一分钟触发一次
*********************

*********************
[时间]2025-03-12 12:58:42
[标识]分钟触发
[内容]每一分钟触发一次
*********************

*********************
[时间]2025-03-12 12:59:42
[标识]分钟触发
[内容]每一分钟触发一次
*********************

*********************
[时间]2025-03-12 13:00:42
[标识]分钟触发
[内容]每一分钟触发一次
*********************

*********************
[时间]2025-03-12 13:01:42
[标识]分钟触发
[内容]每一分钟触发一次
*********************

*********************
[时间]2025-03-12 13:02:42
[标识]分钟触发
[内容]每一分钟触发一次
*********************

*********************
[时间]2025-03-12 13:03:42
[标识]分钟触发
[内容]每一分钟触发一次
*********************

*********************
[时间]2025-03-12 13:04:42
[标识]分钟触发
[内容]每一分钟触发一次
*********************

*********************
[时间]2025-03-12 13:05:42
[标识]分钟触发
[内容]每一分钟触发一次
*********************

*********************
[时间]2025-03-12 13:06:42
[标识]分钟触发
[内容]每一分钟触发一次
*********************

*********************
[时间]2025-03-12 13:07:42
[标识]分钟触发
[内容]每一分钟触发一次
*********************

*********************
[时间]2025-03-12 13:08:42
[标识]分钟触发
[内容]每一分钟触发一次
*********************

*********************
[时间]2025-03-12 13:09:42
[标识]分钟触发
[内容]每一分钟触发一次
*********************

*********************
[时间]2025-03-12 13:10:42
[标识]分钟触发
[内容]每一分钟触发一次
*********************

*********************
[时间]2025-03-12 13:11:42
[标识]分钟触发
[内容]每一分钟触发一次
*********************

*********************
[时间]2025-03-12 13:12:42
[标识]分钟触发
[内容]每一分钟触发一次
*********************

*********************
[时间]2025-03-12 13:13:42
[标识]分钟触发
[内容]每一分钟触发一次
*********************

*********************
[时间]2025-03-12 13:14:42
[标识]分钟触发
[内容]每一分钟触发一次
*********************

*********************
[时间]2025-03-12 13:15:42
[标识]分钟触发
[内容]每一分钟触发一次
*********************

*********************
[时间]2025-03-12 13:16:42
[标识]分钟触发
[内容]每一分钟触发一次
*********************

*********************
[时间]2025-03-12 13:17:42
[标识]分钟触发
[内容]每一分钟触发一次
*********************

*********************
[时间]2025-03-12 13:18:42
[标识]分钟触发
[内容]每一分钟触发一次
*********************

*********************
[时间]2025-03-12 13:19:42
[标识]分钟触发
[内容]每一分钟触发一次
*********************

*********************
[时间]2025-03-12 13:20:42
[标识]分钟触发
[内容]每一分钟触发一次
*********************

*********************
[时间]2025-03-12 13:21:42
[标识]分钟触发
[内容]每一分钟触发一次
*********************

*********************
[时间]2025-03-12 13:22:42
[标识]分钟触发
[内容]每一分钟触发一次
*********************

*********************
[时间]2025-03-12 13:23:42
[标识]分钟触发
[内容]每一分钟触发一次
*********************

*********************
[时间]2025-03-12 13:24:42
[标识]分钟触发
[内容]每一分钟触发一次
*********************

*********************
[时间]2025-03-12 13:25:42
[标识]分钟触发
[内容]每一分钟触发一次
*********************

*********************
[时间]2025-03-12 13:26:43
[标识]分钟触发
[内容]每一分钟触发一次
*********************

*********************
[时间]2025-03-12 13:27:43
[标识]分钟触发
[内容]每一分钟触发一次
*********************

*********************
[时间]2025-03-12 13:28:43
[标识]分钟触发
[内容]每一分钟触发一次
*********************

*********************
[时间]2025-03-12 13:29:43
[标识]分钟触发
[内容]每一分钟触发一次
*********************

*********************
[时间]2025-03-12 13:30:43
[标识]分钟触发
[内容]每一分钟触发一次
*********************

*********************
[时间]2025-03-12 13:31:43
[标识]分钟触发
[内容]每一分钟触发一次
*********************

*********************
[时间]2025-03-12 13:32:43
[标识]分钟触发
[内容]每一分钟触发一次
*********************

*********************
[时间]2025-03-12 13:33:43
[标识]分钟触发
[内容]每一分钟触发一次
*********************

*********************
[时间]2025-03-12 13:34:43
[标识]分钟触发
[内容]每一分钟触发一次
*********************

*********************
[时间]2025-03-12 13:35:43
[标识]分钟触发
[内容]每一分钟触发一次
*********************

*********************
[时间]2025-03-12 13:36:43
[标识]分钟触发
[内容]每一分钟触发一次
*********************

*********************
[时间]2025-03-12 13:37:43
[标识]分钟触发
[内容]每一分钟触发一次
*********************

*********************
[时间]2025-03-12 13:38:43
[标识]分钟触发
[内容]每一分钟触发一次
*********************

*********************
[时间]2025-03-12 13:39:43
[标识]分钟触发
[内容]每一分钟触发一次
*********************

*********************
[时间]2025-03-12 13:40:43
[标识]分钟触发
[内容]每一分钟触发一次
*********************

*********************
[时间]2025-03-12 13:41:43
[标识]分钟触发
[内容]每一分钟触发一次
*********************

*********************
[时间]2025-03-12 13:42:43
[标识]分钟触发
[内容]每一分钟触发一次
*********************

*********************
[时间]2025-03-12 13:43:43
[标识]分钟触发
[内容]每一分钟触发一次
*********************

*********************
[时间]2025-03-12 13:44:43
[标识]分钟触发
[内容]每一分钟触发一次
*********************

*********************
[时间]2025-03-12 13:45:43
[标识]分钟触发
[内容]每一分钟触发一次
*********************

*********************
[时间]2025-03-12 13:46:43
[标识]分钟触发
[内容]每一分钟触发一次
*********************

*********************
[时间]2025-03-12 13:47:43
[标识]分钟触发
[内容]每一分钟触发一次
*********************

*********************
[时间]2025-03-12 13:48:43
[标识]分钟触发
[内容]每一分钟触发一次
*********************

*********************
[时间]2025-03-12 13:49:43
[标识]分钟触发
[内容]每一分钟触发一次
*********************

*********************
[时间]2025-03-12 13:50:43
[标识]分钟触发
[内容]每一分钟触发一次
*********************

*********************
[时间]2025-03-12 13:51:43
[标识]分钟触发
[内容]每一分钟触发一次
*********************

*********************
[时间]2025-03-12 13:52:43
[标识]分钟触发
[内容]每一分钟触发一次
*********************

*********************
[时间]2025-03-12 13:53:43
[标识]分钟触发
[内容]每一分钟触发一次
*********************

*********************
[时间]2025-03-12 13:54:43
[标识]分钟触发
[内容]每一分钟触发一次
*********************

*********************
[时间]2025-03-12 13:55:43
[标识]分钟触发
[内容]每一分钟触发一次
*********************

*********************
[时间]2025-03-12 13:56:43
[标识]分钟触发
[内容]每一分钟触发一次
*********************

*********************
[时间]2025-03-12 13:57:43
[标识]分钟触发
[内容]每一分钟触发一次
*********************

*********************
[时间]2025-03-12 13:58:43
[标识]分钟触发
[内容]每一分钟触发一次
*********************

*********************
[时间]2025-03-12 13:59:43
[标识]分钟触发
[内容]每一分钟触发一次
*********************

*********************
[时间]2025-03-12 14:00:43
[标识]分钟触发
[内容]每一分钟触发一次
*********************

*********************
[时间]2025-03-12 14:01:43
[标识]分钟触发
[内容]每一分钟触发一次
*********************

*********************
[时间]2025-03-12 14:02:43
[标识]分钟触发
[内容]每一分钟触发一次
*********************

*********************
[时间]2025-03-12 14:03:43
[标识]分钟触发
[内容]每一分钟触发一次
*********************

*********************
[时间]2025-03-12 14:04:43
[标识]分钟触发
[内容]每一分钟触发一次
*********************

*********************
[时间]2025-03-12 14:05:43
[标识]分钟触发
[内容]每一分钟触发一次
*********************

*********************
[时间]2025-03-12 14:06:43
[标识]分钟触发
[内容]每一分钟触发一次
*********************

*********************
[时间]2025-03-12 14:07:43
[标识]分钟触发
[内容]每一分钟触发一次
*********************

*********************
[时间]2025-03-12 14:08:43
[标识]分钟触发
[内容]每一分钟触发一次
*********************

*********************
[时间]2025-03-12 14:09:43
[标识]分钟触发
[内容]每一分钟触发一次
*********************

*********************
[时间]2025-03-12 14:10:43
[标识]分钟触发
[内容]每一分钟触发一次
*********************

*********************
[时间]2025-03-12 14:11:43
[标识]分钟触发
[内容]每一分钟触发一次
*********************

*********************
[时间]2025-03-12 14:12:43
[标识]分钟触发
[内容]每一分钟触发一次
*********************

*********************
[时间]2025-03-12 14:13:43
[标识]分钟触发
[内容]每一分钟触发一次
*********************

*********************
[时间]2025-03-12 14:14:43
[标识]分钟触发
[内容]每一分钟触发一次
*********************

*********************
[时间]2025-03-12 14:15:43
[标识]分钟触发
[内容]每一分钟触发一次
*********************

*********************
[时间]2025-03-12 14:16:43
[标识]分钟触发
[内容]每一分钟触发一次
*********************

*********************
[时间]2025-03-12 14:17:43
[标识]分钟触发
[内容]每一分钟触发一次
*********************

*********************
[时间]2025-03-12 14:18:43
[标识]分钟触发
[内容]每一分钟触发一次
*********************

*********************
[时间]2025-03-12 14:19:43
[标识]分钟触发
[内容]每一分钟触发一次
*********************

*********************
[时间]2025-03-12 14:20:43
[标识]分钟触发
[内容]每一分钟触发一次
*********************

*********************
[时间]2025-03-12 14:21:43
[标识]分钟触发
[内容]每一分钟触发一次
*********************

*********************
[时间]2025-03-12 14:22:43
[标识]分钟触发
[内容]每一分钟触发一次
*********************

*********************
[时间]2025-03-12 14:23:43
[标识]分钟触发
[内容]每一分钟触发一次
*********************

*********************
[时间]2025-03-12 14:24:43
[标识]分钟触发
[内容]每一分钟触发一次
*********************

*********************
[时间]2025-03-12 14:25:43
[标识]分钟触发
[内容]每一分钟触发一次
*********************

*********************
[时间]2025-03-12 14:26:43
[标识]分钟触发
[内容]每一分钟触发一次
*********************

*********************
[时间]2025-03-12 14:27:43
[标识]分钟触发
[内容]每一分钟触发一次
*********************

*********************
[时间]2025-03-12 14:28:43
[标识]分钟触发
[内容]每一分钟触发一次
*********************

*********************
[时间]2025-03-12 14:29:43
[标识]分钟触发
[内容]每一分钟触发一次
*********************

*********************
[时间]2025-03-12 14:30:43
[标识]分钟触发
[内容]每一分钟触发一次
*********************

*********************
[时间]2025-03-12 14:31:43
[标识]分钟触发
[内容]每一分钟触发一次
*********************

*********************
[时间]2025-03-12 14:32:43
[标识]分钟触发
[内容]每一分钟触发一次
*********************

*********************
[时间]2025-03-12 14:33:43
[标识]分钟触发
[内容]每一分钟触发一次
*********************

*********************
[时间]2025-03-12 14:34:43
[标识]分钟触发
[内容]每一分钟触发一次
*********************

*********************
[时间]2025-03-12 14:35:43
[标识]分钟触发
[内容]每一分钟触发一次
*********************
