
*********************
[时间]2025-02-28 16:26:29
[标识]name
[内容]content
*********************

*********************
[时间]2025-02-28 16:27:29
[标识]name
[内容]content
*********************

*********************
[时间]2025-02-28 16:28:29
[标识]name
[内容]content
*********************

*********************
[时间]2025-02-28 16:29:29
[标识]name
[内容]content
*********************

*********************
[时间]2025-02-28 16:30:29
[标识]name
[内容]content
*********************

*********************
[时间]2025-02-28 16:31:29
[标识]name
[内容]content
*********************

*********************
[时间]2025-02-28 16:32:29
[标识]name
[内容]content
*********************

*********************
[时间]2025-02-28 16:33:29
[标识]name
[内容]content
*********************

*********************
[时间]2025-02-28 16:34:29
[标识]name
[内容]content
*********************

*********************
[时间]2025-02-28 16:35:29
[标识]name
[内容]content
*********************

*********************
[时间]2025-02-28 16:36:29
[标识]name
[内容]content
*********************

*********************
[时间]2025-02-28 16:37:29
[标识]name
[内容]content
*********************

*********************
[时间]2025-02-28 16:38:29
[标识]name
[内容]content
*********************

*********************
[时间]2025-02-28 16:39:29
[标识]name
[内容]content
*********************

*********************
[时间]2025-02-28 16:40:29
[标识]name
[内容]content
*********************

*********************
[时间]2025-02-28 16:41:29
[标识]name
[内容]content
*********************

*********************
[时间]2025-02-28 16:42:29
[标识]name
[内容]content
*********************

*********************
[时间]2025-02-28 16:43:29
[标识]name
[内容]content
*********************

*********************
[时间]2025-02-28 16:44:29
[标识]name
[内容]content
*********************

*********************
[时间]2025-02-28 16:46:28
[标识]name
[内容]content
*********************

*********************
[时间]2025-02-28 16:47:28
[标识]name
[内容]content
*********************

*********************
[时间]2025-02-28 16:48:28
[标识]name
[内容]content
*********************

*********************
[时间]2025-02-28 16:49:28
[标识]name
[内容]content
*********************

*********************
[时间]2025-02-28 16:50:28
[标识]name
[内容]content
*********************

*********************
[时间]2025-02-28 16:51:28
[标识]name
[内容]content
*********************

*********************
[时间]2025-02-28 16:52:28
[标识]name
[内容]content
*********************

*********************
[时间]2025-02-28 16:53:28
[标识]name
[内容]content
*********************

*********************
[时间]2025-02-28 16:54:28
[标识]name
[内容]content
*********************

*********************
[时间]2025-02-28 16:55:28
[标识]name
[内容]content
*********************

*********************
[时间]2025-02-28 16:56:28
[标识]name
[内容]content
*********************

*********************
[时间]2025-02-28 16:57:30
[标识]分钟触发
[内容]每一分钟触发一次
*********************

*********************
[时间]2025-02-28 16:58:30
[标识]分钟触发
[内容]每一分钟触发一次
*********************

*********************
[时间]2025-02-28 16:59:30
[标识]分钟触发
[内容]每一分钟触发一次
*********************

*********************
[时间]2025-02-28 17:00:30
[标识]分钟触发
[内容]每一分钟触发一次
*********************

*********************
[时间]2025-02-28 17:01:30
[标识]分钟触发
[内容]每一分钟触发一次
*********************

*********************
[时间]2025-02-28 17:02:30
[标识]分钟触发
[内容]每一分钟触发一次
*********************

*********************
[时间]2025-02-28 17:03:30
[标识]分钟触发
[内容]每一分钟触发一次
*********************

*********************
[时间]2025-02-28 17:04:30
[标识]分钟触发
[内容]每一分钟触发一次
*********************

*********************
[时间]2025-02-28 17:05:30
[标识]分钟触发
[内容]每一分钟触发一次
*********************

*********************
[时间]2025-02-28 17:06:30
[标识]分钟触发
[内容]每一分钟触发一次
*********************

*********************
[时间]2025-02-28 17:07:30
[标识]分钟触发
[内容]每一分钟触发一次
*********************

*********************
[时间]2025-02-28 17:08:30
[标识]分钟触发
[内容]每一分钟触发一次
*********************

*********************
[时间]2025-02-28 17:09:30
[标识]分钟触发
[内容]每一分钟触发一次
*********************

*********************
[时间]2025-02-28 17:10:30
[标识]分钟触发
[内容]每一分钟触发一次
*********************

*********************
[时间]2025-02-28 17:11:30
[标识]分钟触发
[内容]每一分钟触发一次
*********************

*********************
[时间]2025-02-28 17:12:30
[标识]分钟触发
[内容]每一分钟触发一次
*********************

*********************
[时间]2025-02-28 17:13:30
[标识]分钟触发
[内容]每一分钟触发一次
*********************

*********************
[时间]2025-02-28 17:14:30
[标识]分钟触发
[内容]每一分钟触发一次
*********************

*********************
[时间]2025-02-28 17:15:30
[标识]分钟触发
[内容]每一分钟触发一次
*********************

*********************
[时间]2025-02-28 17:16:30
[标识]分钟触发
[内容]每一分钟触发一次
*********************

*********************
[时间]2025-02-28 17:17:30
[标识]分钟触发
[内容]每一分钟触发一次
*********************

*********************
[时间]2025-02-28 17:18:30
[标识]分钟触发
[内容]每一分钟触发一次
*********************

*********************
[时间]2025-02-28 17:19:30
[标识]分钟触发
[内容]每一分钟触发一次
*********************

*********************
[时间]2025-02-28 17:20:30
[标识]分钟触发
[内容]每一分钟触发一次
*********************

*********************
[时间]2025-02-28 17:21:30
[标识]分钟触发
[内容]每一分钟触发一次
*********************

*********************
[时间]2025-02-28 17:22:30
[标识]分钟触发
[内容]每一分钟触发一次
*********************

*********************
[时间]2025-02-28 17:23:30
[标识]分钟触发
[内容]每一分钟触发一次
*********************

*********************
[时间]2025-02-28 17:24:30
[标识]分钟触发
[内容]每一分钟触发一次
*********************

*********************
[时间]2025-02-28 17:25:30
[标识]分钟触发
[内容]每一分钟触发一次
*********************

*********************
[时间]2025-02-28 17:26:30
[标识]分钟触发
[内容]每一分钟触发一次
*********************

*********************
[时间]2025-02-28 17:27:30
[标识]分钟触发
[内容]每一分钟触发一次
*********************

*********************
[时间]2025-02-28 17:28:30
[标识]分钟触发
[内容]每一分钟触发一次
*********************

*********************
[时间]2025-02-28 17:29:30
[标识]分钟触发
[内容]每一分钟触发一次
*********************

*********************
[时间]2025-02-28 17:30:30
[标识]分钟触发
[内容]每一分钟触发一次
*********************

*********************
[时间]2025-02-28 17:31:30
[标识]分钟触发
[内容]每一分钟触发一次
*********************

*********************
[时间]2025-02-28 17:32:30
[标识]分钟触发
[内容]每一分钟触发一次
*********************

*********************
[时间]2025-02-28 17:33:30
[标识]分钟触发
[内容]每一分钟触发一次
*********************

*********************
[时间]2025-02-28 17:34:30
[标识]分钟触发
[内容]每一分钟触发一次
*********************

*********************
[时间]2025-02-28 17:35:30
[标识]分钟触发
[内容]每一分钟触发一次
*********************

*********************
[时间]2025-02-28 17:36:30
[标识]分钟触发
[内容]每一分钟触发一次
*********************

*********************
[时间]2025-02-28 17:37:30
[标识]分钟触发
[内容]每一分钟触发一次
*********************

*********************
[时间]2025-02-28 17:38:30
[标识]分钟触发
[内容]每一分钟触发一次
*********************

*********************
[时间]2025-02-28 17:39:30
[标识]分钟触发
[内容]每一分钟触发一次
*********************

*********************
[时间]2025-02-28 17:40:30
[标识]分钟触发
[内容]每一分钟触发一次
*********************

*********************
[时间]2025-02-28 17:41:30
[标识]分钟触发
[内容]每一分钟触发一次
*********************

*********************
[时间]2025-02-28 17:42:30
[标识]分钟触发
[内容]每一分钟触发一次
*********************

*********************
[时间]2025-02-28 17:43:30
[标识]分钟触发
[内容]每一分钟触发一次
*********************

*********************
[时间]2025-02-28 17:44:30
[标识]分钟触发
[内容]每一分钟触发一次
*********************

*********************
[时间]2025-02-28 17:45:30
[标识]分钟触发
[内容]每一分钟触发一次
*********************

*********************
[时间]2025-02-28 17:46:30
[标识]分钟触发
[内容]每一分钟触发一次
*********************

*********************
[时间]2025-02-28 17:47:30
[标识]分钟触发
[内容]每一分钟触发一次
*********************

*********************
[时间]2025-02-28 17:48:30
[标识]分钟触发
[内容]每一分钟触发一次
*********************

*********************
[时间]2025-02-28 17:49:30
[标识]分钟触发
[内容]每一分钟触发一次
*********************

*********************
[时间]2025-02-28 17:50:30
[标识]分钟触发
[内容]每一分钟触发一次
*********************

*********************
[时间]2025-02-28 17:51:30
[标识]分钟触发
[内容]每一分钟触发一次
*********************

*********************
[时间]2025-02-28 17:52:30
[标识]分钟触发
[内容]每一分钟触发一次
*********************

*********************
[时间]2025-02-28 17:53:30
[标识]分钟触发
[内容]每一分钟触发一次
*********************

*********************
[时间]2025-02-28 17:54:30
[标识]分钟触发
[内容]每一分钟触发一次
*********************

*********************
[时间]2025-02-28 17:55:30
[标识]分钟触发
[内容]每一分钟触发一次
*********************

*********************
[时间]2025-02-28 17:56:30
[标识]分钟触发
[内容]每一分钟触发一次
*********************

*********************
[时间]2025-02-28 17:57:30
[标识]分钟触发
[内容]每一分钟触发一次
*********************

*********************
[时间]2025-02-28 17:58:30
[标识]分钟触发
[内容]每一分钟触发一次
*********************

*********************
[时间]2025-02-28 17:59:30
[标识]分钟触发
[内容]每一分钟触发一次
*********************

*********************
[时间]2025-02-28 18:00:30
[标识]分钟触发
[内容]每一分钟触发一次
*********************

*********************
[时间]2025-02-28 18:01:30
[标识]分钟触发
[内容]每一分钟触发一次
*********************

*********************
[时间]2025-02-28 18:02:30
[标识]分钟触发
[内容]每一分钟触发一次
*********************

*********************
[时间]2025-02-28 18:03:30
[标识]分钟触发
[内容]每一分钟触发一次
*********************

*********************
[时间]2025-02-28 18:04:30
[标识]分钟触发
[内容]每一分钟触发一次
*********************

*********************
[时间]2025-02-28 18:05:30
[标识]分钟触发
[内容]每一分钟触发一次
*********************

*********************
[时间]2025-02-28 18:06:30
[标识]分钟触发
[内容]每一分钟触发一次
*********************

*********************
[时间]2025-02-28 18:07:30
[标识]分钟触发
[内容]每一分钟触发一次
*********************

*********************
[时间]2025-02-28 18:08:30
[标识]分钟触发
[内容]每一分钟触发一次
*********************

*********************
[时间]2025-02-28 18:09:30
[标识]分钟触发
[内容]每一分钟触发一次
*********************

*********************
[时间]2025-02-28 18:10:30
[标识]分钟触发
[内容]每一分钟触发一次
*********************

*********************
[时间]2025-02-28 18:11:30
[标识]分钟触发
[内容]每一分钟触发一次
*********************

*********************
[时间]2025-02-28 18:12:30
[标识]分钟触发
[内容]每一分钟触发一次
*********************

*********************
[时间]2025-02-28 18:13:30
[标识]分钟触发
[内容]每一分钟触发一次
*********************

*********************
[时间]2025-02-28 18:14:30
[标识]分钟触发
[内容]每一分钟触发一次
*********************

*********************
[时间]2025-02-28 18:15:30
[标识]分钟触发
[内容]每一分钟触发一次
*********************

*********************
[时间]2025-02-28 18:16:30
[标识]分钟触发
[内容]每一分钟触发一次
*********************

*********************
[时间]2025-02-28 18:17:30
[标识]分钟触发
[内容]每一分钟触发一次
*********************

*********************
[时间]2025-02-28 18:18:30
[标识]分钟触发
[内容]每一分钟触发一次
*********************

*********************
[时间]2025-02-28 18:19:30
[标识]分钟触发
[内容]每一分钟触发一次
*********************

*********************
[时间]2025-02-28 18:20:30
[标识]分钟触发
[内容]每一分钟触发一次
*********************

*********************
[时间]2025-02-28 18:21:30
[标识]分钟触发
[内容]每一分钟触发一次
*********************

*********************
[时间]2025-02-28 18:22:30
[标识]分钟触发
[内容]每一分钟触发一次
*********************

*********************
[时间]2025-02-28 18:23:30
[标识]分钟触发
[内容]每一分钟触发一次
*********************

*********************
[时间]2025-02-28 18:24:30
[标识]分钟触发
[内容]每一分钟触发一次
*********************

*********************
[时间]2025-02-28 18:25:30
[标识]分钟触发
[内容]每一分钟触发一次
*********************

*********************
[时间]2025-02-28 18:26:30
[标识]分钟触发
[内容]每一分钟触发一次
*********************

*********************
[时间]2025-02-28 18:27:30
[标识]分钟触发
[内容]每一分钟触发一次
*********************

*********************
[时间]2025-02-28 18:28:30
[标识]分钟触发
[内容]每一分钟触发一次
*********************

*********************
[时间]2025-02-28 18:29:30
[标识]分钟触发
[内容]每一分钟触发一次
*********************

*********************
[时间]2025-02-28 18:30:30
[标识]分钟触发
[内容]每一分钟触发一次
*********************

*********************
[时间]2025-02-28 18:31:30
[标识]分钟触发
[内容]每一分钟触发一次
*********************

*********************
[时间]2025-02-28 18:32:30
[标识]分钟触发
[内容]每一分钟触发一次
*********************

*********************
[时间]2025-02-28 18:33:30
[标识]分钟触发
[内容]每一分钟触发一次
*********************

*********************
[时间]2025-02-28 18:34:30
[标识]分钟触发
[内容]每一分钟触发一次
*********************

*********************
[时间]2025-02-28 18:35:30
[标识]分钟触发
[内容]每一分钟触发一次
*********************

*********************
[时间]2025-02-28 18:36:30
[标识]分钟触发
[内容]每一分钟触发一次
*********************

*********************
[时间]2025-02-28 18:37:30
[标识]分钟触发
[内容]每一分钟触发一次
*********************

*********************
[时间]2025-02-28 18:38:30
[标识]分钟触发
[内容]每一分钟触发一次
*********************

*********************
[时间]2025-02-28 18:39:30
[标识]分钟触发
[内容]每一分钟触发一次
*********************

*********************
[时间]2025-02-28 18:40:30
[标识]分钟触发
[内容]每一分钟触发一次
*********************

*********************
[时间]2025-02-28 18:41:30
[标识]分钟触发
[内容]每一分钟触发一次
*********************

*********************
[时间]2025-02-28 18:42:30
[标识]分钟触发
[内容]每一分钟触发一次
*********************

*********************
[时间]2025-02-28 18:43:30
[标识]分钟触发
[内容]每一分钟触发一次
*********************

*********************
[时间]2025-02-28 18:44:30
[标识]分钟触发
[内容]每一分钟触发一次
*********************

*********************
[时间]2025-02-28 18:45:30
[标识]分钟触发
[内容]每一分钟触发一次
*********************

*********************
[时间]2025-02-28 18:46:30
[标识]分钟触发
[内容]每一分钟触发一次
*********************

*********************
[时间]2025-02-28 18:47:30
[标识]分钟触发
[内容]每一分钟触发一次
*********************

*********************
[时间]2025-02-28 18:48:30
[标识]分钟触发
[内容]每一分钟触发一次
*********************

*********************
[时间]2025-02-28 18:49:30
[标识]分钟触发
[内容]每一分钟触发一次
*********************

*********************
[时间]2025-02-28 18:50:30
[标识]分钟触发
[内容]每一分钟触发一次
*********************

*********************
[时间]2025-02-28 18:51:30
[标识]分钟触发
[内容]每一分钟触发一次
*********************

*********************
[时间]2025-02-28 18:52:30
[标识]分钟触发
[内容]每一分钟触发一次
*********************

*********************
[时间]2025-02-28 18:53:30
[标识]分钟触发
[内容]每一分钟触发一次
*********************

*********************
[时间]2025-02-28 18:54:30
[标识]分钟触发
[内容]每一分钟触发一次
*********************

*********************
[时间]2025-02-28 18:55:30
[标识]分钟触发
[内容]每一分钟触发一次
*********************

*********************
[时间]2025-02-28 18:56:30
[标识]分钟触发
[内容]每一分钟触发一次
*********************

*********************
[时间]2025-02-28 18:57:30
[标识]分钟触发
[内容]每一分钟触发一次
*********************

*********************
[时间]2025-02-28 18:58:30
[标识]分钟触发
[内容]每一分钟触发一次
*********************

*********************
[时间]2025-02-28 18:59:31
[标识]分钟触发
[内容]每一分钟触发一次
*********************

*********************
[时间]2025-02-28 19:00:31
[标识]分钟触发
[内容]每一分钟触发一次
*********************

*********************
[时间]2025-02-28 19:01:31
[标识]分钟触发
[内容]每一分钟触发一次
*********************

*********************
[时间]2025-02-28 19:02:31
[标识]分钟触发
[内容]每一分钟触发一次
*********************

*********************
[时间]2025-02-28 19:03:31
[标识]分钟触发
[内容]每一分钟触发一次
*********************

*********************
[时间]2025-02-28 19:04:31
[标识]分钟触发
[内容]每一分钟触发一次
*********************

*********************
[时间]2025-02-28 19:05:31
[标识]分钟触发
[内容]每一分钟触发一次
*********************

*********************
[时间]2025-02-28 19:06:31
[标识]分钟触发
[内容]每一分钟触发一次
*********************

*********************
[时间]2025-02-28 19:07:31
[标识]分钟触发
[内容]每一分钟触发一次
*********************

*********************
[时间]2025-02-28 19:08:31
[标识]分钟触发
[内容]每一分钟触发一次
*********************

*********************
[时间]2025-02-28 19:09:31
[标识]分钟触发
[内容]每一分钟触发一次
*********************

*********************
[时间]2025-02-28 19:10:31
[标识]分钟触发
[内容]每一分钟触发一次
*********************

*********************
[时间]2025-02-28 19:11:31
[标识]分钟触发
[内容]每一分钟触发一次
*********************

*********************
[时间]2025-02-28 19:12:31
[标识]分钟触发
[内容]每一分钟触发一次
*********************

*********************
[时间]2025-02-28 19:13:31
[标识]分钟触发
[内容]每一分钟触发一次
*********************

*********************
[时间]2025-02-28 19:14:31
[标识]分钟触发
[内容]每一分钟触发一次
*********************

*********************
[时间]2025-02-28 19:15:31
[标识]分钟触发
[内容]每一分钟触发一次
*********************

*********************
[时间]2025-02-28 19:16:31
[标识]分钟触发
[内容]每一分钟触发一次
*********************

*********************
[时间]2025-02-28 19:17:31
[标识]分钟触发
[内容]每一分钟触发一次
*********************

*********************
[时间]2025-02-28 19:18:31
[标识]分钟触发
[内容]每一分钟触发一次
*********************

*********************
[时间]2025-02-28 19:19:31
[标识]分钟触发
[内容]每一分钟触发一次
*********************

*********************
[时间]2025-02-28 19:20:31
[标识]分钟触发
[内容]每一分钟触发一次
*********************

*********************
[时间]2025-02-28 19:21:31
[标识]分钟触发
[内容]每一分钟触发一次
*********************

*********************
[时间]2025-02-28 19:22:31
[标识]分钟触发
[内容]每一分钟触发一次
*********************

*********************
[时间]2025-02-28 19:23:31
[标识]分钟触发
[内容]每一分钟触发一次
*********************

*********************
[时间]2025-02-28 19:24:31
[标识]分钟触发
[内容]每一分钟触发一次
*********************

*********************
[时间]2025-02-28 19:25:31
[标识]分钟触发
[内容]每一分钟触发一次
*********************

*********************
[时间]2025-02-28 19:26:31
[标识]分钟触发
[内容]每一分钟触发一次
*********************

*********************
[时间]2025-02-28 19:27:31
[标识]分钟触发
[内容]每一分钟触发一次
*********************

*********************
[时间]2025-02-28 19:28:31
[标识]分钟触发
[内容]每一分钟触发一次
*********************

*********************
[时间]2025-02-28 19:29:31
[标识]分钟触发
[内容]每一分钟触发一次
*********************

*********************
[时间]2025-02-28 19:30:31
[标识]分钟触发
[内容]每一分钟触发一次
*********************

*********************
[时间]2025-02-28 19:31:31
[标识]分钟触发
[内容]每一分钟触发一次
*********************

*********************
[时间]2025-02-28 19:32:31
[标识]分钟触发
[内容]每一分钟触发一次
*********************

*********************
[时间]2025-02-28 19:33:31
[标识]分钟触发
[内容]每一分钟触发一次
*********************

*********************
[时间]2025-02-28 19:34:31
[标识]分钟触发
[内容]每一分钟触发一次
*********************

*********************
[时间]2025-02-28 19:35:31
[标识]分钟触发
[内容]每一分钟触发一次
*********************

*********************
[时间]2025-02-28 19:36:31
[标识]分钟触发
[内容]每一分钟触发一次
*********************

*********************
[时间]2025-02-28 19:37:31
[标识]分钟触发
[内容]每一分钟触发一次
*********************

*********************
[时间]2025-02-28 19:38:31
[标识]分钟触发
[内容]每一分钟触发一次
*********************

*********************
[时间]2025-02-28 19:39:31
[标识]分钟触发
[内容]每一分钟触发一次
*********************

*********************
[时间]2025-02-28 19:40:31
[标识]分钟触发
[内容]每一分钟触发一次
*********************

*********************
[时间]2025-02-28 19:41:31
[标识]分钟触发
[内容]每一分钟触发一次
*********************

*********************
[时间]2025-02-28 19:42:31
[标识]分钟触发
[内容]每一分钟触发一次
*********************

*********************
[时间]2025-02-28 19:43:31
[标识]分钟触发
[内容]每一分钟触发一次
*********************

*********************
[时间]2025-02-28 19:44:31
[标识]分钟触发
[内容]每一分钟触发一次
*********************

*********************
[时间]2025-02-28 19:45:31
[标识]分钟触发
[内容]每一分钟触发一次
*********************

*********************
[时间]2025-02-28 19:46:31
[标识]分钟触发
[内容]每一分钟触发一次
*********************

*********************
[时间]2025-02-28 19:47:31
[标识]分钟触发
[内容]每一分钟触发一次
*********************

*********************
[时间]2025-02-28 19:48:31
[标识]分钟触发
[内容]每一分钟触发一次
*********************

*********************
[时间]2025-02-28 19:49:31
[标识]分钟触发
[内容]每一分钟触发一次
*********************

*********************
[时间]2025-02-28 19:50:31
[标识]分钟触发
[内容]每一分钟触发一次
*********************

*********************
[时间]2025-02-28 19:51:31
[标识]分钟触发
[内容]每一分钟触发一次
*********************

*********************
[时间]2025-02-28 19:52:31
[标识]分钟触发
[内容]每一分钟触发一次
*********************

*********************
[时间]2025-02-28 19:53:31
[标识]分钟触发
[内容]每一分钟触发一次
*********************

*********************
[时间]2025-02-28 19:54:31
[标识]分钟触发
[内容]每一分钟触发一次
*********************

*********************
[时间]2025-02-28 19:55:31
[标识]分钟触发
[内容]每一分钟触发一次
*********************

*********************
[时间]2025-02-28 19:56:31
[标识]分钟触发
[内容]每一分钟触发一次
*********************

*********************
[时间]2025-02-28 19:57:31
[标识]分钟触发
[内容]每一分钟触发一次
*********************

*********************
[时间]2025-02-28 19:58:31
[标识]分钟触发
[内容]每一分钟触发一次
*********************

*********************
[时间]2025-02-28 19:59:31
[标识]分钟触发
[内容]每一分钟触发一次
*********************

*********************
[时间]2025-02-28 20:00:31
[标识]分钟触发
[内容]每一分钟触发一次
*********************

*********************
[时间]2025-02-28 20:01:31
[标识]分钟触发
[内容]每一分钟触发一次
*********************

*********************
[时间]2025-02-28 20:02:31
[标识]分钟触发
[内容]每一分钟触发一次
*********************

*********************
[时间]2025-02-28 20:03:31
[标识]分钟触发
[内容]每一分钟触发一次
*********************

*********************
[时间]2025-02-28 20:04:31
[标识]分钟触发
[内容]每一分钟触发一次
*********************

*********************
[时间]2025-02-28 20:05:31
[标识]分钟触发
[内容]每一分钟触发一次
*********************

*********************
[时间]2025-02-28 20:06:31
[标识]分钟触发
[内容]每一分钟触发一次
*********************

*********************
[时间]2025-02-28 20:07:31
[标识]分钟触发
[内容]每一分钟触发一次
*********************

*********************
[时间]2025-02-28 20:08:31
[标识]分钟触发
[内容]每一分钟触发一次
*********************

*********************
[时间]2025-02-28 20:09:31
[标识]分钟触发
[内容]每一分钟触发一次
*********************

*********************
[时间]2025-02-28 20:10:31
[标识]分钟触发
[内容]每一分钟触发一次
*********************

*********************
[时间]2025-02-28 20:11:31
[标识]分钟触发
[内容]每一分钟触发一次
*********************

*********************
[时间]2025-02-28 20:12:31
[标识]分钟触发
[内容]每一分钟触发一次
*********************

*********************
[时间]2025-02-28 20:13:31
[标识]分钟触发
[内容]每一分钟触发一次
*********************

*********************
[时间]2025-02-28 20:14:31
[标识]分钟触发
[内容]每一分钟触发一次
*********************

*********************
[时间]2025-02-28 20:15:31
[标识]分钟触发
[内容]每一分钟触发一次
*********************

*********************
[时间]2025-02-28 20:16:31
[标识]分钟触发
[内容]每一分钟触发一次
*********************

*********************
[时间]2025-02-28 20:17:31
[标识]分钟触发
[内容]每一分钟触发一次
*********************

*********************
[时间]2025-02-28 20:18:31
[标识]分钟触发
[内容]每一分钟触发一次
*********************

*********************
[时间]2025-02-28 20:19:31
[标识]分钟触发
[内容]每一分钟触发一次
*********************

*********************
[时间]2025-02-28 20:20:31
[标识]分钟触发
[内容]每一分钟触发一次
*********************

*********************
[时间]2025-02-28 20:21:31
[标识]分钟触发
[内容]每一分钟触发一次
*********************

*********************
[时间]2025-02-28 20:22:31
[标识]分钟触发
[内容]每一分钟触发一次
*********************

*********************
[时间]2025-02-28 20:23:31
[标识]分钟触发
[内容]每一分钟触发一次
*********************

*********************
[时间]2025-02-28 20:24:31
[标识]分钟触发
[内容]每一分钟触发一次
*********************

*********************
[时间]2025-02-28 20:25:31
[标识]分钟触发
[内容]每一分钟触发一次
*********************

*********************
[时间]2025-02-28 20:26:31
[标识]分钟触发
[内容]每一分钟触发一次
*********************

*********************
[时间]2025-02-28 20:27:31
[标识]分钟触发
[内容]每一分钟触发一次
*********************

*********************
[时间]2025-02-28 20:28:31
[标识]分钟触发
[内容]每一分钟触发一次
*********************

*********************
[时间]2025-02-28 20:29:31
[标识]分钟触发
[内容]每一分钟触发一次
*********************

*********************
[时间]2025-02-28 20:30:31
[标识]分钟触发
[内容]每一分钟触发一次
*********************

*********************
[时间]2025-02-28 20:31:31
[标识]分钟触发
[内容]每一分钟触发一次
*********************

*********************
[时间]2025-02-28 20:32:31
[标识]分钟触发
[内容]每一分钟触发一次
*********************

*********************
[时间]2025-02-28 20:33:31
[标识]分钟触发
[内容]每一分钟触发一次
*********************

*********************
[时间]2025-02-28 20:34:31
[标识]分钟触发
[内容]每一分钟触发一次
*********************

*********************
[时间]2025-02-28 20:35:31
[标识]分钟触发
[内容]每一分钟触发一次
*********************

*********************
[时间]2025-02-28 20:36:31
[标识]分钟触发
[内容]每一分钟触发一次
*********************

*********************
[时间]2025-02-28 20:37:31
[标识]分钟触发
[内容]每一分钟触发一次
*********************

*********************
[时间]2025-02-28 20:38:31
[标识]分钟触发
[内容]每一分钟触发一次
*********************

*********************
[时间]2025-02-28 20:39:31
[标识]分钟触发
[内容]每一分钟触发一次
*********************

*********************
[时间]2025-02-28 20:40:31
[标识]分钟触发
[内容]每一分钟触发一次
*********************

*********************
[时间]2025-02-28 20:41:31
[标识]分钟触发
[内容]每一分钟触发一次
*********************

*********************
[时间]2025-02-28 20:42:31
[标识]分钟触发
[内容]每一分钟触发一次
*********************

*********************
[时间]2025-02-28 20:43:31
[标识]分钟触发
[内容]每一分钟触发一次
*********************

*********************
[时间]2025-02-28 20:44:31
[标识]分钟触发
[内容]每一分钟触发一次
*********************

*********************
[时间]2025-02-28 20:45:31
[标识]分钟触发
[内容]每一分钟触发一次
*********************

*********************
[时间]2025-02-28 20:46:31
[标识]分钟触发
[内容]每一分钟触发一次
*********************

*********************
[时间]2025-02-28 20:47:31
[标识]分钟触发
[内容]每一分钟触发一次
*********************

*********************
[时间]2025-02-28 20:48:31
[标识]分钟触发
[内容]每一分钟触发一次
*********************

*********************
[时间]2025-02-28 20:49:31
[标识]分钟触发
[内容]每一分钟触发一次
*********************

*********************
[时间]2025-02-28 20:50:31
[标识]分钟触发
[内容]每一分钟触发一次
*********************

*********************
[时间]2025-02-28 20:51:31
[标识]分钟触发
[内容]每一分钟触发一次
*********************

*********************
[时间]2025-02-28 20:52:31
[标识]分钟触发
[内容]每一分钟触发一次
*********************

*********************
[时间]2025-02-28 20:53:31
[标识]分钟触发
[内容]每一分钟触发一次
*********************

*********************
[时间]2025-02-28 20:54:31
[标识]分钟触发
[内容]每一分钟触发一次
*********************

*********************
[时间]2025-02-28 20:55:31
[标识]分钟触发
[内容]每一分钟触发一次
*********************

*********************
[时间]2025-02-28 20:56:31
[标识]分钟触发
[内容]每一分钟触发一次
*********************

*********************
[时间]2025-02-28 20:57:31
[标识]分钟触发
[内容]每一分钟触发一次
*********************

*********************
[时间]2025-02-28 20:58:31
[标识]分钟触发
[内容]每一分钟触发一次
*********************

*********************
[时间]2025-02-28 20:59:31
[标识]分钟触发
[内容]每一分钟触发一次
*********************

*********************
[时间]2025-02-28 21:00:31
[标识]分钟触发
[内容]每一分钟触发一次
*********************

*********************
[时间]2025-02-28 21:01:31
[标识]分钟触发
[内容]每一分钟触发一次
*********************

*********************
[时间]2025-02-28 21:02:31
[标识]分钟触发
[内容]每一分钟触发一次
*********************

*********************
[时间]2025-02-28 21:03:31
[标识]分钟触发
[内容]每一分钟触发一次
*********************

*********************
[时间]2025-02-28 21:04:31
[标识]分钟触发
[内容]每一分钟触发一次
*********************

*********************
[时间]2025-02-28 21:05:31
[标识]分钟触发
[内容]每一分钟触发一次
*********************

*********************
[时间]2025-02-28 21:06:31
[标识]分钟触发
[内容]每一分钟触发一次
*********************

*********************
[时间]2025-02-28 21:07:31
[标识]分钟触发
[内容]每一分钟触发一次
*********************

*********************
[时间]2025-02-28 21:08:31
[标识]分钟触发
[内容]每一分钟触发一次
*********************

*********************
[时间]2025-02-28 21:09:32
[标识]分钟触发
[内容]每一分钟触发一次
*********************

*********************
[时间]2025-02-28 21:10:32
[标识]分钟触发
[内容]每一分钟触发一次
*********************

*********************
[时间]2025-02-28 21:11:32
[标识]分钟触发
[内容]每一分钟触发一次
*********************

*********************
[时间]2025-02-28 21:12:32
[标识]分钟触发
[内容]每一分钟触发一次
*********************

*********************
[时间]2025-02-28 21:13:32
[标识]分钟触发
[内容]每一分钟触发一次
*********************

*********************
[时间]2025-02-28 21:14:32
[标识]分钟触发
[内容]每一分钟触发一次
*********************

*********************
[时间]2025-02-28 21:15:32
[标识]分钟触发
[内容]每一分钟触发一次
*********************

*********************
[时间]2025-02-28 21:16:32
[标识]分钟触发
[内容]每一分钟触发一次
*********************

*********************
[时间]2025-02-28 21:17:32
[标识]分钟触发
[内容]每一分钟触发一次
*********************

*********************
[时间]2025-02-28 21:18:32
[标识]分钟触发
[内容]每一分钟触发一次
*********************

*********************
[时间]2025-02-28 21:19:32
[标识]分钟触发
[内容]每一分钟触发一次
*********************

*********************
[时间]2025-02-28 21:20:32
[标识]分钟触发
[内容]每一分钟触发一次
*********************

*********************
[时间]2025-02-28 21:21:32
[标识]分钟触发
[内容]每一分钟触发一次
*********************

*********************
[时间]2025-02-28 21:22:32
[标识]分钟触发
[内容]每一分钟触发一次
*********************

*********************
[时间]2025-02-28 21:23:32
[标识]分钟触发
[内容]每一分钟触发一次
*********************

*********************
[时间]2025-02-28 21:24:32
[标识]分钟触发
[内容]每一分钟触发一次
*********************

*********************
[时间]2025-02-28 21:25:32
[标识]分钟触发
[内容]每一分钟触发一次
*********************

*********************
[时间]2025-02-28 21:26:32
[标识]分钟触发
[内容]每一分钟触发一次
*********************

*********************
[时间]2025-02-28 21:27:32
[标识]分钟触发
[内容]每一分钟触发一次
*********************

*********************
[时间]2025-02-28 21:28:32
[标识]分钟触发
[内容]每一分钟触发一次
*********************

*********************
[时间]2025-02-28 21:29:32
[标识]分钟触发
[内容]每一分钟触发一次
*********************

*********************
[时间]2025-02-28 21:30:32
[标识]分钟触发
[内容]每一分钟触发一次
*********************

*********************
[时间]2025-02-28 21:31:32
[标识]分钟触发
[内容]每一分钟触发一次
*********************

*********************
[时间]2025-02-28 21:32:32
[标识]分钟触发
[内容]每一分钟触发一次
*********************

*********************
[时间]2025-02-28 21:33:32
[标识]分钟触发
[内容]每一分钟触发一次
*********************

*********************
[时间]2025-02-28 21:34:32
[标识]分钟触发
[内容]每一分钟触发一次
*********************

*********************
[时间]2025-02-28 21:35:32
[标识]分钟触发
[内容]每一分钟触发一次
*********************

*********************
[时间]2025-02-28 21:36:32
[标识]分钟触发
[内容]每一分钟触发一次
*********************

*********************
[时间]2025-02-28 21:37:32
[标识]分钟触发
[内容]每一分钟触发一次
*********************

*********************
[时间]2025-02-28 21:38:32
[标识]分钟触发
[内容]每一分钟触发一次
*********************

*********************
[时间]2025-02-28 21:39:32
[标识]分钟触发
[内容]每一分钟触发一次
*********************

*********************
[时间]2025-02-28 21:40:32
[标识]分钟触发
[内容]每一分钟触发一次
*********************

*********************
[时间]2025-02-28 21:41:32
[标识]分钟触发
[内容]每一分钟触发一次
*********************

*********************
[时间]2025-02-28 21:42:32
[标识]分钟触发
[内容]每一分钟触发一次
*********************

*********************
[时间]2025-02-28 21:43:32
[标识]分钟触发
[内容]每一分钟触发一次
*********************

*********************
[时间]2025-02-28 21:44:32
[标识]分钟触发
[内容]每一分钟触发一次
*********************

*********************
[时间]2025-02-28 21:45:32
[标识]分钟触发
[内容]每一分钟触发一次
*********************

*********************
[时间]2025-02-28 21:46:32
[标识]分钟触发
[内容]每一分钟触发一次
*********************

*********************
[时间]2025-02-28 21:47:32
[标识]分钟触发
[内容]每一分钟触发一次
*********************

*********************
[时间]2025-02-28 21:48:32
[标识]分钟触发
[内容]每一分钟触发一次
*********************

*********************
[时间]2025-02-28 21:49:32
[标识]分钟触发
[内容]每一分钟触发一次
*********************

*********************
[时间]2025-02-28 21:50:32
[标识]分钟触发
[内容]每一分钟触发一次
*********************

*********************
[时间]2025-02-28 21:51:32
[标识]分钟触发
[内容]每一分钟触发一次
*********************

*********************
[时间]2025-02-28 21:52:32
[标识]分钟触发
[内容]每一分钟触发一次
*********************

*********************
[时间]2025-02-28 21:53:32
[标识]分钟触发
[内容]每一分钟触发一次
*********************

*********************
[时间]2025-02-28 21:54:32
[标识]分钟触发
[内容]每一分钟触发一次
*********************

*********************
[时间]2025-02-28 21:55:32
[标识]分钟触发
[内容]每一分钟触发一次
*********************

*********************
[时间]2025-02-28 21:56:32
[标识]分钟触发
[内容]每一分钟触发一次
*********************

*********************
[时间]2025-02-28 21:57:32
[标识]分钟触发
[内容]每一分钟触发一次
*********************

*********************
[时间]2025-02-28 21:58:32
[标识]分钟触发
[内容]每一分钟触发一次
*********************

*********************
[时间]2025-02-28 21:59:32
[标识]分钟触发
[内容]每一分钟触发一次
*********************

*********************
[时间]2025-02-28 22:00:32
[标识]分钟触发
[内容]每一分钟触发一次
*********************

*********************
[时间]2025-02-28 22:01:32
[标识]分钟触发
[内容]每一分钟触发一次
*********************

*********************
[时间]2025-02-28 22:02:32
[标识]分钟触发
[内容]每一分钟触发一次
*********************

*********************
[时间]2025-02-28 22:03:32
[标识]分钟触发
[内容]每一分钟触发一次
*********************

*********************
[时间]2025-02-28 22:04:32
[标识]分钟触发
[内容]每一分钟触发一次
*********************

*********************
[时间]2025-02-28 22:05:32
[标识]分钟触发
[内容]每一分钟触发一次
*********************

*********************
[时间]2025-02-28 22:06:32
[标识]分钟触发
[内容]每一分钟触发一次
*********************

*********************
[时间]2025-02-28 22:07:32
[标识]分钟触发
[内容]每一分钟触发一次
*********************

*********************
[时间]2025-02-28 22:08:32
[标识]分钟触发
[内容]每一分钟触发一次
*********************

*********************
[时间]2025-02-28 22:09:32
[标识]分钟触发
[内容]每一分钟触发一次
*********************

*********************
[时间]2025-02-28 22:10:32
[标识]分钟触发
[内容]每一分钟触发一次
*********************

*********************
[时间]2025-02-28 22:11:32
[标识]分钟触发
[内容]每一分钟触发一次
*********************

*********************
[时间]2025-02-28 22:12:32
[标识]分钟触发
[内容]每一分钟触发一次
*********************

*********************
[时间]2025-02-28 22:13:32
[标识]分钟触发
[内容]每一分钟触发一次
*********************

*********************
[时间]2025-02-28 22:14:32
[标识]分钟触发
[内容]每一分钟触发一次
*********************

*********************
[时间]2025-02-28 22:15:32
[标识]分钟触发
[内容]每一分钟触发一次
*********************

*********************
[时间]2025-02-28 22:16:32
[标识]分钟触发
[内容]每一分钟触发一次
*********************

*********************
[时间]2025-02-28 22:17:32
[标识]分钟触发
[内容]每一分钟触发一次
*********************

*********************
[时间]2025-02-28 22:18:32
[标识]分钟触发
[内容]每一分钟触发一次
*********************

*********************
[时间]2025-02-28 22:19:32
[标识]分钟触发
[内容]每一分钟触发一次
*********************

*********************
[时间]2025-02-28 22:20:32
[标识]分钟触发
[内容]每一分钟触发一次
*********************

*********************
[时间]2025-02-28 22:21:32
[标识]分钟触发
[内容]每一分钟触发一次
*********************

*********************
[时间]2025-02-28 22:22:32
[标识]分钟触发
[内容]每一分钟触发一次
*********************

*********************
[时间]2025-02-28 22:23:32
[标识]分钟触发
[内容]每一分钟触发一次
*********************

*********************
[时间]2025-02-28 22:24:32
[标识]分钟触发
[内容]每一分钟触发一次
*********************

*********************
[时间]2025-02-28 22:25:32
[标识]分钟触发
[内容]每一分钟触发一次
*********************

*********************
[时间]2025-02-28 22:26:32
[标识]分钟触发
[内容]每一分钟触发一次
*********************

*********************
[时间]2025-02-28 22:27:32
[标识]分钟触发
[内容]每一分钟触发一次
*********************

*********************
[时间]2025-02-28 22:28:32
[标识]分钟触发
[内容]每一分钟触发一次
*********************

*********************
[时间]2025-02-28 22:29:32
[标识]分钟触发
[内容]每一分钟触发一次
*********************

*********************
[时间]2025-02-28 22:30:32
[标识]分钟触发
[内容]每一分钟触发一次
*********************

*********************
[时间]2025-02-28 22:31:32
[标识]分钟触发
[内容]每一分钟触发一次
*********************

*********************
[时间]2025-02-28 22:32:32
[标识]分钟触发
[内容]每一分钟触发一次
*********************

*********************
[时间]2025-02-28 22:33:32
[标识]分钟触发
[内容]每一分钟触发一次
*********************

*********************
[时间]2025-02-28 22:34:32
[标识]分钟触发
[内容]每一分钟触发一次
*********************

*********************
[时间]2025-02-28 22:35:32
[标识]分钟触发
[内容]每一分钟触发一次
*********************

*********************
[时间]2025-02-28 22:36:32
[标识]分钟触发
[内容]每一分钟触发一次
*********************

*********************
[时间]2025-02-28 22:37:32
[标识]分钟触发
[内容]每一分钟触发一次
*********************

*********************
[时间]2025-02-28 22:38:32
[标识]分钟触发
[内容]每一分钟触发一次
*********************

*********************
[时间]2025-02-28 22:39:32
[标识]分钟触发
[内容]每一分钟触发一次
*********************

*********************
[时间]2025-02-28 22:40:32
[标识]分钟触发
[内容]每一分钟触发一次
*********************

*********************
[时间]2025-02-28 22:41:32
[标识]分钟触发
[内容]每一分钟触发一次
*********************

*********************
[时间]2025-02-28 22:42:32
[标识]分钟触发
[内容]每一分钟触发一次
*********************

*********************
[时间]2025-02-28 22:43:32
[标识]分钟触发
[内容]每一分钟触发一次
*********************

*********************
[时间]2025-02-28 22:44:32
[标识]分钟触发
[内容]每一分钟触发一次
*********************

*********************
[时间]2025-02-28 22:45:32
[标识]分钟触发
[内容]每一分钟触发一次
*********************

*********************
[时间]2025-02-28 22:46:32
[标识]分钟触发
[内容]每一分钟触发一次
*********************

*********************
[时间]2025-02-28 22:47:32
[标识]分钟触发
[内容]每一分钟触发一次
*********************

*********************
[时间]2025-02-28 22:48:32
[标识]分钟触发
[内容]每一分钟触发一次
*********************

*********************
[时间]2025-02-28 22:49:32
[标识]分钟触发
[内容]每一分钟触发一次
*********************

*********************
[时间]2025-02-28 22:50:32
[标识]分钟触发
[内容]每一分钟触发一次
*********************

*********************
[时间]2025-02-28 22:51:32
[标识]分钟触发
[内容]每一分钟触发一次
*********************

*********************
[时间]2025-02-28 22:52:32
[标识]分钟触发
[内容]每一分钟触发一次
*********************

*********************
[时间]2025-02-28 22:53:32
[标识]分钟触发
[内容]每一分钟触发一次
*********************

*********************
[时间]2025-02-28 22:54:32
[标识]分钟触发
[内容]每一分钟触发一次
*********************

*********************
[时间]2025-02-28 22:55:32
[标识]分钟触发
[内容]每一分钟触发一次
*********************

*********************
[时间]2025-02-28 22:56:32
[标识]分钟触发
[内容]每一分钟触发一次
*********************

*********************
[时间]2025-02-28 22:57:32
[标识]分钟触发
[内容]每一分钟触发一次
*********************

*********************
[时间]2025-02-28 22:58:32
[标识]分钟触发
[内容]每一分钟触发一次
*********************

*********************
[时间]2025-02-28 22:59:32
[标识]分钟触发
[内容]每一分钟触发一次
*********************

*********************
[时间]2025-02-28 23:00:32
[标识]分钟触发
[内容]每一分钟触发一次
*********************

*********************
[时间]2025-02-28 23:01:32
[标识]分钟触发
[内容]每一分钟触发一次
*********************

*********************
[时间]2025-02-28 23:02:32
[标识]分钟触发
[内容]每一分钟触发一次
*********************

*********************
[时间]2025-02-28 23:03:32
[标识]分钟触发
[内容]每一分钟触发一次
*********************

*********************
[时间]2025-02-28 23:04:32
[标识]分钟触发
[内容]每一分钟触发一次
*********************

*********************
[时间]2025-02-28 23:05:32
[标识]分钟触发
[内容]每一分钟触发一次
*********************

*********************
[时间]2025-02-28 23:06:32
[标识]分钟触发
[内容]每一分钟触发一次
*********************

*********************
[时间]2025-02-28 23:07:32
[标识]分钟触发
[内容]每一分钟触发一次
*********************

*********************
[时间]2025-02-28 23:08:32
[标识]分钟触发
[内容]每一分钟触发一次
*********************

*********************
[时间]2025-02-28 23:09:32
[标识]分钟触发
[内容]每一分钟触发一次
*********************

*********************
[时间]2025-02-28 23:10:32
[标识]分钟触发
[内容]每一分钟触发一次
*********************

*********************
[时间]2025-02-28 23:11:32
[标识]分钟触发
[内容]每一分钟触发一次
*********************

*********************
[时间]2025-02-28 23:12:33
[标识]分钟触发
[内容]每一分钟触发一次
*********************

*********************
[时间]2025-02-28 23:13:33
[标识]分钟触发
[内容]每一分钟触发一次
*********************

*********************
[时间]2025-02-28 23:14:33
[标识]分钟触发
[内容]每一分钟触发一次
*********************

*********************
[时间]2025-02-28 23:15:33
[标识]分钟触发
[内容]每一分钟触发一次
*********************

*********************
[时间]2025-02-28 23:16:33
[标识]分钟触发
[内容]每一分钟触发一次
*********************

*********************
[时间]2025-02-28 23:17:33
[标识]分钟触发
[内容]每一分钟触发一次
*********************

*********************
[时间]2025-02-28 23:18:33
[标识]分钟触发
[内容]每一分钟触发一次
*********************

*********************
[时间]2025-02-28 23:19:33
[标识]分钟触发
[内容]每一分钟触发一次
*********************

*********************
[时间]2025-02-28 23:20:33
[标识]分钟触发
[内容]每一分钟触发一次
*********************

*********************
[时间]2025-02-28 23:21:33
[标识]分钟触发
[内容]每一分钟触发一次
*********************

*********************
[时间]2025-02-28 23:22:33
[标识]分钟触发
[内容]每一分钟触发一次
*********************

*********************
[时间]2025-02-28 23:23:33
[标识]分钟触发
[内容]每一分钟触发一次
*********************

*********************
[时间]2025-02-28 23:24:33
[标识]分钟触发
[内容]每一分钟触发一次
*********************

*********************
[时间]2025-02-28 23:25:33
[标识]分钟触发
[内容]每一分钟触发一次
*********************

*********************
[时间]2025-02-28 23:26:33
[标识]分钟触发
[内容]每一分钟触发一次
*********************

*********************
[时间]2025-02-28 23:27:33
[标识]分钟触发
[内容]每一分钟触发一次
*********************

*********************
[时间]2025-02-28 23:28:33
[标识]分钟触发
[内容]每一分钟触发一次
*********************

*********************
[时间]2025-02-28 23:29:33
[标识]分钟触发
[内容]每一分钟触发一次
*********************

*********************
[时间]2025-02-28 23:30:33
[标识]分钟触发
[内容]每一分钟触发一次
*********************

*********************
[时间]2025-02-28 23:31:33
[标识]分钟触发
[内容]每一分钟触发一次
*********************

*********************
[时间]2025-02-28 23:32:33
[标识]分钟触发
[内容]每一分钟触发一次
*********************

*********************
[时间]2025-02-28 23:33:33
[标识]分钟触发
[内容]每一分钟触发一次
*********************

*********************
[时间]2025-02-28 23:34:33
[标识]分钟触发
[内容]每一分钟触发一次
*********************

*********************
[时间]2025-02-28 23:35:33
[标识]分钟触发
[内容]每一分钟触发一次
*********************

*********************
[时间]2025-02-28 23:36:33
[标识]分钟触发
[内容]每一分钟触发一次
*********************

*********************
[时间]2025-02-28 23:37:33
[标识]分钟触发
[内容]每一分钟触发一次
*********************

*********************
[时间]2025-02-28 23:38:33
[标识]分钟触发
[内容]每一分钟触发一次
*********************

*********************
[时间]2025-02-28 23:39:33
[标识]分钟触发
[内容]每一分钟触发一次
*********************

*********************
[时间]2025-02-28 23:40:33
[标识]分钟触发
[内容]每一分钟触发一次
*********************

*********************
[时间]2025-02-28 23:41:33
[标识]分钟触发
[内容]每一分钟触发一次
*********************

*********************
[时间]2025-02-28 23:42:33
[标识]分钟触发
[内容]每一分钟触发一次
*********************

*********************
[时间]2025-02-28 23:43:33
[标识]分钟触发
[内容]每一分钟触发一次
*********************

*********************
[时间]2025-02-28 23:44:33
[标识]分钟触发
[内容]每一分钟触发一次
*********************

*********************
[时间]2025-02-28 23:45:33
[标识]分钟触发
[内容]每一分钟触发一次
*********************

*********************
[时间]2025-02-28 23:46:33
[标识]分钟触发
[内容]每一分钟触发一次
*********************

*********************
[时间]2025-02-28 23:47:33
[标识]分钟触发
[内容]每一分钟触发一次
*********************

*********************
[时间]2025-02-28 23:48:33
[标识]分钟触发
[内容]每一分钟触发一次
*********************

*********************
[时间]2025-02-28 23:49:33
[标识]分钟触发
[内容]每一分钟触发一次
*********************

*********************
[时间]2025-02-28 23:50:33
[标识]分钟触发
[内容]每一分钟触发一次
*********************

*********************
[时间]2025-02-28 23:51:33
[标识]分钟触发
[内容]每一分钟触发一次
*********************

*********************
[时间]2025-02-28 23:52:33
[标识]分钟触发
[内容]每一分钟触发一次
*********************

*********************
[时间]2025-02-28 23:53:33
[标识]分钟触发
[内容]每一分钟触发一次
*********************

*********************
[时间]2025-02-28 23:54:33
[标识]分钟触发
[内容]每一分钟触发一次
*********************

*********************
[时间]2025-02-28 23:55:33
[标识]分钟触发
[内容]每一分钟触发一次
*********************

*********************
[时间]2025-02-28 23:56:33
[标识]分钟触发
[内容]每一分钟触发一次
*********************

*********************
[时间]2025-02-28 23:57:33
[标识]分钟触发
[内容]每一分钟触发一次
*********************

*********************
[时间]2025-02-28 23:58:33
[标识]分钟触发
[内容]每一分钟触发一次
*********************

*********************
[时间]2025-02-28 23:59:33
[标识]分钟触发
[内容]每一分钟触发一次
*********************
